<?xml version="1.0" encoding="UTF-8"?>
<testsuite xmlns:xsi="http://www.w3.org/2001/XMLSchema-instance" xsi:noNamespaceSchemaLocation="https://maven.apache.org/surefire/maven-surefire-plugin/xsd/surefire-test-report-3.0.xsd" version="3.0" name="com.example.moonshot.useraccessibilityfeature.UserAccessibilityFeatureServiceTest" time="0.424" tests="3" errors="0" skipped="0" failures="0">
  <properties>
    <property name="java.specification.version" value="21"/>
    <property name="sun.cpu.isalist" value="amd64"/>
    <property name="sun.jnu.encoding" value="Cp1252"/>
    <property name="java.class.path" value="D:\Documents\moonshot-project\target\test-classes;D:\Documents\moonshot-project\target\classes;C:\Users\david\.m2\repository\org\springframework\boot\spring-boot-starter-web\3.3.5\spring-boot-starter-web-3.3.5.jar;C:\Users\david\.m2\repository\org\springframework\boot\spring-boot-starter\3.3.5\spring-boot-starter-3.3.5.jar;C:\Users\david\.m2\repository\org\springframework\boot\spring-boot\3.3.5\spring-boot-3.3.5.jar;C:\Users\david\.m2\repository\org\springframework\boot\spring-boot-autoconfigure\3.3.5\spring-boot-autoconfigure-3.3.5.jar;C:\Users\david\.m2\repository\org\springframework\boot\spring-boot-starter-logging\3.3.5\spring-boot-starter-logging-3.3.5.jar;C:\Users\david\.m2\repository\ch\qos\logback\logback-classic\1.5.11\logback-classic-1.5.11.jar;C:\Users\david\.m2\repository\ch\qos\logback\logback-core\1.5.11\logback-core-1.5.11.jar;C:\Users\david\.m2\repository\org\apache\logging\log4j\log4j-to-slf4j\2.23.1\log4j-to-slf4j-2.23.1.jar;C:\Users\david\.m2\repository\org\apache\logging\log4j\log4j-api\2.23.1\log4j-api-2.23.1.jar;C:\Users\david\.m2\repository\org\slf4j\jul-to-slf4j\2.0.16\jul-to-slf4j-2.0.16.jar;C:\Users\david\.m2\repository\jakarta\annotation\jakarta.annotation-api\2.1.1\jakarta.annotation-api-2.1.1.jar;C:\Users\david\.m2\repository\org\springframework\boot\spring-boot-starter-json\3.3.5\spring-boot-starter-json-3.3.5.jar;C:\Users\david\.m2\repository\com\fasterxml\jackson\datatype\jackson-datatype-jdk8\2.17.2\jackson-datatype-jdk8-2.17.2.jar;C:\Users\david\.m2\repository\com\fasterxml\jackson\datatype\jackson-datatype-jsr310\2.17.2\jackson-datatype-jsr310-2.17.2.jar;C:\Users\david\.m2\repository\com\fasterxml\jackson\module\jackson-module-parameter-names\2.17.2\jackson-module-parameter-names-2.17.2.jar;C:\Users\david\.m2\repository\org\springframework\boot\spring-boot-starter-tomcat\3.3.5\spring-boot-starter-tomcat-3.3.5.jar;C:\Users\david\.m2\repository\org\apache\tomcat\embed\tomcat-embed-core\10.1.31\tomcat-embed-core-10.1.31.jar;C:\Users\david\.m2\repository\org\apache\tomcat\embed\tomcat-embed-el\10.1.31\tomcat-embed-el-10.1.31.jar;C:\Users\david\.m2\repository\org\apache\tomcat\embed\tomcat-embed-websocket\10.1.31\tomcat-embed-websocket-10.1.31.jar;C:\Users\david\.m2\repository\org\springframework\spring-web\6.1.14\spring-web-6.1.14.jar;C:\Users\david\.m2\repository\org\springframework\spring-beans\6.1.14\spring-beans-6.1.14.jar;C:\Users\david\.m2\repository\io\micrometer\micrometer-observation\1.13.6\micrometer-observation-1.13.6.jar;C:\Users\david\.m2\repository\io\micrometer\micrometer-commons\1.13.6\micrometer-commons-1.13.6.jar;C:\Users\david\.m2\repository\org\springframework\spring-webmvc\6.1.14\spring-webmvc-6.1.14.jar;C:\Users\david\.m2\repository\org\springframework\spring-context\6.1.14\spring-context-6.1.14.jar;C:\Users\david\.m2\repository\org\springframework\spring-expression\6.1.14\spring-expression-6.1.14.jar;C:\Users\david\.m2\repository\org\postgresql\postgresql\42.7.4\postgresql-42.7.4.jar;C:\Users\david\.m2\repository\org\checkerframework\checker-qual\3.42.0\checker-qual-3.42.0.jar;C:\Users\david\.m2\repository\org\projectlombok\lombok\1.18.34\lombok-1.18.34.jar;C:\Users\david\.m2\repository\org\liquibase\liquibase-core\4.30.0\liquibase-core-4.30.0.jar;C:\Users\david\.m2\repository\com\opencsv\opencsv\5.9\opencsv-5.9.jar;C:\Users\david\.m2\repository\org\yaml\snakeyaml\2.2\snakeyaml-2.2.jar;C:\Users\david\.m2\repository\javax\xml\bind\jaxb-api\2.3.1\jaxb-api-2.3.1.jar;C:\Users\david\.m2\repository\org\apache\commons\commons-collections4\4.4\commons-collections4-4.4.jar;C:\Users\david\.m2\repository\org\apache\commons\commons-text\1.12.0\commons-text-1.12.0.jar;C:\Users\david\.m2\repository\org\apache\commons\commons-lang3\3.14.0\commons-lang3-3.14.0.jar;C:\Users\david\.m2\repository\commons-io\commons-io\2.17.0\commons-io-2.17.0.jar;C:\Users\david\.m2\repository\org\springframework\boot\spring-boot-starter-data-jpa\3.4.0\spring-boot-starter-data-jpa-3.4.0.jar;C:\Users\david\.m2\repository\org\springframework\boot\spring-boot-starter-jdbc\3.3.5\spring-boot-starter-jdbc-3.3.5.jar;C:\Users\david\.m2\repository\com\zaxxer\HikariCP\5.1.0\HikariCP-5.1.0.jar;C:\Users\david\.m2\repository\org\springframework\spring-jdbc\6.1.14\spring-jdbc-6.1.14.jar;C:\Users\david\.m2\repository\org\hibernate\orm\hibernate-core\6.5.3.Final\hibernate-core-6.5.3.Final.jar;C:\Users\david\.m2\repository\jakarta\persistence\jakarta.persistence-api\3.1.0\jakarta.persistence-api-3.1.0.jar;C:\Users\david\.m2\repository\jakarta\transaction\jakarta.transaction-api\2.0.1\jakarta.transaction-api-2.0.1.jar;C:\Users\david\.m2\repository\org\jboss\logging\jboss-logging\3.5.3.Final\jboss-logging-3.5.3.Final.jar;C:\Users\david\.m2\repository\org\hibernate\common\hibernate-commons-annotations\6.0.6.Final\hibernate-commons-annotations-6.0.6.Final.jar;C:\Users\david\.m2\repository\io\smallrye\jandex\3.1.2\jandex-3.1.2.jar;C:\Users\david\.m2\repository\com\fasterxml\classmate\1.7.0\classmate-1.7.0.jar;C:\Users\david\.m2\repository\net\bytebuddy\byte-buddy\1.14.19\byte-buddy-1.14.19.jar;C:\Users\david\.m2\repository\org\glassfish\jaxb\jaxb-runtime\4.0.5\jaxb-runtime-4.0.5.jar;C:\Users\david\.m2\repository\org\glassfish\jaxb\jaxb-core\4.0.5\jaxb-core-4.0.5.jar;C:\Users\david\.m2\repository\org\eclipse\angus\angus-activation\2.0.2\angus-activation-2.0.2.jar;C:\Users\david\.m2\repository\org\glassfish\jaxb\txw2\4.0.5\txw2-4.0.5.jar;C:\Users\david\.m2\repository\com\sun\istack\istack-commons-runtime\4.1.2\istack-commons-runtime-4.1.2.jar;C:\Users\david\.m2\repository\jakarta\inject\jakarta.inject-api\2.0.1\jakarta.inject-api-2.0.1.jar;C:\Users\david\.m2\repository\org\antlr\antlr4-runtime\4.13.0\antlr4-runtime-4.13.0.jar;C:\Users\david\.m2\repository\org\springframework\data\spring-data-jpa\3.3.5\spring-data-jpa-3.3.5.jar;C:\Users\david\.m2\repository\org\springframework\data\spring-data-commons\3.3.5\spring-data-commons-3.3.5.jar;C:\Users\david\.m2\repository\org\springframework\spring-orm\6.1.14\spring-orm-6.1.14.jar;C:\Users\david\.m2\repository\org\springframework\spring-tx\6.1.14\spring-tx-6.1.14.jar;C:\Users\david\.m2\repository\org\slf4j\slf4j-api\2.0.16\slf4j-api-2.0.16.jar;C:\Users\david\.m2\repository\org\springframework\spring-aspects\6.1.14\spring-aspects-6.1.14.jar;C:\Users\david\.m2\repository\org\aspectj\aspectjweaver\1.9.22.1\aspectjweaver-1.9.22.1.jar;C:\Users\david\.m2\repository\org\springframework\boot\spring-boot-starter-test\3.3.5\spring-boot-starter-test-3.3.5.jar;C:\Users\david\.m2\repository\org\springframework\boot\spring-boot-test\3.3.5\spring-boot-test-3.3.5.jar;C:\Users\david\.m2\repository\org\springframework\boot\spring-boot-test-autoconfigure\3.3.5\spring-boot-test-autoconfigure-3.3.5.jar;C:\Users\david\.m2\repository\com\jayway\jsonpath\json-path\2.9.0\json-path-2.9.0.jar;C:\Users\david\.m2\repository\jakarta\xml\bind\jakarta.xml.bind-api\4.0.2\jakarta.xml.bind-api-4.0.2.jar;C:\Users\david\.m2\repository\jakarta\activation\jakarta.activation-api\2.1.3\jakarta.activation-api-2.1.3.jar;C:\Users\david\.m2\repository\net\minidev\json-smart\2.5.1\json-smart-2.5.1.jar;C:\Users\david\.m2\repository\net\minidev\accessors-smart\2.5.1\accessors-smart-2.5.1.jar;C:\Users\david\.m2\repository\org\ow2\asm\asm\9.6\asm-9.6.jar;C:\Users\david\.m2\repository\org\assertj\assertj-core\3.25.3\assertj-core-3.25.3.jar;C:\Users\david\.m2\repository\org\awaitility\awaitility\4.2.2\awaitility-4.2.2.jar;C:\Users\david\.m2\repository\org\hamcrest\hamcrest\2.2\hamcrest-2.2.jar;C:\Users\david\.m2\repository\org\junit\jupiter\junit-jupiter\5.10.5\junit-jupiter-5.10.5.jar;C:\Users\david\.m2\repository\org\junit\jupiter\junit-jupiter-api\5.10.5\junit-jupiter-api-5.10.5.jar;C:\Users\david\.m2\repository\org\opentest4j\opentest4j\1.3.0\opentest4j-1.3.0.jar;C:\Users\david\.m2\repository\org\junit\platform\junit-platform-commons\1.10.5\junit-platform-commons-1.10.5.jar;C:\Users\david\.m2\repository\org\apiguardian\apiguardian-api\1.1.2\apiguardian-api-1.1.2.jar;C:\Users\david\.m2\repository\org\junit\jupiter\junit-jupiter-params\5.10.5\junit-jupiter-params-5.10.5.jar;C:\Users\david\.m2\repository\org\junit\jupiter\junit-jupiter-engine\5.10.5\junit-jupiter-engine-5.10.5.jar;C:\Users\david\.m2\repository\org\junit\platform\junit-platform-engine\1.10.5\junit-platform-engine-1.10.5.jar;C:\Users\david\.m2\repository\org\mockito\mockito-core\5.11.0\mockito-core-5.11.0.jar;C:\Users\david\.m2\repository\net\bytebuddy\byte-buddy-agent\1.14.19\byte-buddy-agent-1.14.19.jar;C:\Users\david\.m2\repository\org\objenesis\objenesis\3.3\objenesis-3.3.jar;C:\Users\david\.m2\repository\org\mockito\mockito-junit-jupiter\5.11.0\mockito-junit-jupiter-5.11.0.jar;C:\Users\david\.m2\repository\org\skyscreamer\jsonassert\1.5.3\jsonassert-1.5.3.jar;C:\Users\david\.m2\repository\com\vaadin\external\google\android-json\0.0.20131108.vaadin1\android-json-0.0.20131108.vaadin1.jar;C:\Users\david\.m2\repository\org\springframework\spring-core\6.1.14\spring-core-6.1.14.jar;C:\Users\david\.m2\repository\org\springframework\spring-jcl\6.1.14\spring-jcl-6.1.14.jar;C:\Users\david\.m2\repository\org\springframework\spring-test\6.1.14\spring-test-6.1.14.jar;C:\Users\david\.m2\repository\org\xmlunit\xmlunit-core\2.9.1\xmlunit-core-2.9.1.jar;C:\Users\david\.m2\repository\com\fasterxml\jackson\core\jackson-databind\2.17.2\jackson-databind-2.17.2.jar;C:\Users\david\.m2\repository\com\fasterxml\jackson\core\jackson-annotations\2.17.2\jackson-annotations-2.17.2.jar;C:\Users\david\.m2\repository\com\fasterxml\jackson\core\jackson-core\2.17.2\jackson-core-2.17.2.jar;C:\Users\david\.m2\repository\com\h2database\h2\2.2.224\h2-2.2.224.jar;C:\Users\david\.m2\repository\org\springframework\boot\spring-boot-starter-security\3.3.5\spring-boot-starter-security-3.3.5.jar;C:\Users\david\.m2\repository\org\springframework\spring-aop\6.1.14\spring-aop-6.1.14.jar;C:\Users\david\.m2\repository\org\springframework\security\spring-security-config\6.3.4\spring-security-config-6.3.4.jar;C:\Users\david\.m2\repository\org\springframework\security\spring-security-core\6.3.4\spring-security-core-6.3.4.jar;C:\Users\david\.m2\repository\org\springframework\security\spring-security-crypto\6.3.4\spring-security-crypto-6.3.4.jar;C:\Users\david\.m2\repository\org\springframework\security\spring-security-web\6.3.4\spring-security-web-6.3.4.jar;C:\Users\david\.m2\repository\io\jsonwebtoken\jjwt-api\0.11.5\jjwt-api-0.11.5.jar;C:\Users\david\.m2\repository\io\jsonwebtoken\jjwt-impl\0.11.5\jjwt-impl-0.11.5.jar;C:\Users\david\.m2\repository\io\jsonwebtoken\jjwt-jackson\0.11.5\jjwt-jackson-0.11.5.jar;C:\Users\david\.m2\repository\com\google\api-client\google-api-client\2.2.0\google-api-client-2.2.0.jar;C:\Users\david\.m2\repository\commons-codec\commons-codec\1.16.1\commons-codec-1.16.1.jar;C:\Users\david\.m2\repository\com\google\oauth-client\google-oauth-client\1.34.1\google-oauth-client-1.34.1.jar;C:\Users\david\.m2\repository\com\google\http-client\google-http-client-gson\1.42.3\google-http-client-gson-1.42.3.jar;C:\Users\david\.m2\repository\com\google\code\gson\gson\2.10.1\gson-2.10.1.jar;C:\Users\david\.m2\repository\com\google\guava\guava\31.1-jre\guava-31.1-jre.jar;C:\Users\david\.m2\repository\com\google\guava\failureaccess\1.0.1\failureaccess-1.0.1.jar;C:\Users\david\.m2\repository\com\google\guava\listenablefuture\9999.0-empty-to-avoid-conflict-with-guava\listenablefuture-9999.0-empty-to-avoid-conflict-with-guava.jar;C:\Users\david\.m2\repository\com\google\code\findbugs\jsr305\3.0.2\jsr305-3.0.2.jar;C:\Users\david\.m2\repository\com\google\errorprone\error_prone_annotations\2.11.0\error_prone_annotations-2.11.0.jar;C:\Users\david\.m2\repository\com\google\j2objc\j2objc-annotations\1.3\j2objc-annotations-1.3.jar;C:\Users\david\.m2\repository\com\google\http-client\google-http-client-apache-v2\1.42.3\google-http-client-apache-v2-1.42.3.jar;C:\Users\david\.m2\repository\org\apache\httpcomponents\httpcore\4.4.16\httpcore-4.4.16.jar;C:\Users\david\.m2\repository\org\apache\httpcomponents\httpclient\4.5.14\httpclient-4.5.14.jar;C:\Users\david\.m2\repository\commons-logging\commons-logging\1.2\commons-logging-1.2.jar;C:\Users\david\.m2\repository\com\google\http-client\google-http-client\1.42.3\google-http-client-1.42.3.jar;C:\Users\david\.m2\repository\io\opencensus\opencensus-api\0.31.1\opencensus-api-0.31.1.jar;C:\Users\david\.m2\repository\io\grpc\grpc-context\1.27.2\grpc-context-1.27.2.jar;C:\Users\david\.m2\repository\io\opencensus\opencensus-contrib-http-util\0.31.1\opencensus-contrib-http-util-0.31.1.jar;C:\Users\david\.m2\repository\com\google\http-client\google-http-client-jackson2\1.44.1\google-http-client-jackson2-1.44.1.jar;C:\Users\david\.m2\repository\com\nimbusds\nimbus-jose-jwt\9.37\nimbus-jose-jwt-9.37.jar;C:\Users\david\.m2\repository\com\github\stephenc\jcip\jcip-annotations\1.0-1\jcip-annotations-1.0-1.jar;"/>
    <property name="java.vm.vendor" value="Eclipse Adoptium"/>
    <property name="sun.arch.data.model" value="64"/>
    <property name="user.variant" value=""/>
    <property name="catalina.useNaming" value="false"/>
    <property name="java.vendor.url" value="https://adoptium.net/"/>
    <property name="user.timezone" value="Europe/Paris"/>
    <property name="org.jboss.logging.provider" value="slf4j"/>
    <property name="os.name" value="Windows 10"/>
    <property name="java.vm.specification.version" value="21"/>
    <property name="sun.java.launcher" value="SUN_STANDARD"/>
    <property name="user.country" value="US"/>
    <property name="sun.boot.library.path" value="C:\Users\david\.jdks\temurin-21.0.7\bin"/>
    <property name="sun.java.command" value="C:\Users\david\AppData\Local\Temp\surefire7693352119891621084\surefirebooter-20250729091507623_3.jar C:\Users\david\AppData\Local\Temp\surefire7693352119891621084 2025-07-29T09-15-07_514-jvmRun1 surefire-20250729091507623_1tmp surefire_0-20250729091507623_2tmp"/>
    <property name="jdk.debug" value="release"/>
    <property name="surefire.test.class.path" value="D:\Documents\moonshot-project\target\test-classes;D:\Documents\moonshot-project\target\classes;C:\Users\david\.m2\repository\org\springframework\boot\spring-boot-starter-web\3.3.5\spring-boot-starter-web-3.3.5.jar;C:\Users\david\.m2\repository\org\springframework\boot\spring-boot-starter\3.3.5\spring-boot-starter-3.3.5.jar;C:\Users\david\.m2\repository\org\springframework\boot\spring-boot\3.3.5\spring-boot-3.3.5.jar;C:\Users\david\.m2\repository\org\springframework\boot\spring-boot-autoconfigure\3.3.5\spring-boot-autoconfigure-3.3.5.jar;C:\Users\david\.m2\repository\org\springframework\boot\spring-boot-starter-logging\3.3.5\spring-boot-starter-logging-3.3.5.jar;C:\Users\david\.m2\repository\ch\qos\logback\logback-classic\1.5.11\logback-classic-1.5.11.jar;C:\Users\david\.m2\repository\ch\qos\logback\logback-core\1.5.11\logback-core-1.5.11.jar;C:\Users\david\.m2\repository\org\apache\logging\log4j\log4j-to-slf4j\2.23.1\log4j-to-slf4j-2.23.1.jar;C:\Users\david\.m2\repository\org\apache\logging\log4j\log4j-api\2.23.1\log4j-api-2.23.1.jar;C:\Users\david\.m2\repository\org\slf4j\jul-to-slf4j\2.0.16\jul-to-slf4j-2.0.16.jar;C:\Users\david\.m2\repository\jakarta\annotation\jakarta.annotation-api\2.1.1\jakarta.annotation-api-2.1.1.jar;C:\Users\david\.m2\repository\org\springframework\boot\spring-boot-starter-json\3.3.5\spring-boot-starter-json-3.3.5.jar;C:\Users\david\.m2\repository\com\fasterxml\jackson\datatype\jackson-datatype-jdk8\2.17.2\jackson-datatype-jdk8-2.17.2.jar;C:\Users\david\.m2\repository\com\fasterxml\jackson\datatype\jackson-datatype-jsr310\2.17.2\jackson-datatype-jsr310-2.17.2.jar;C:\Users\david\.m2\repository\com\fasterxml\jackson\module\jackson-module-parameter-names\2.17.2\jackson-module-parameter-names-2.17.2.jar;C:\Users\david\.m2\repository\org\springframework\boot\spring-boot-starter-tomcat\3.3.5\spring-boot-starter-tomcat-3.3.5.jar;C:\Users\david\.m2\repository\org\apache\tomcat\embed\tomcat-embed-core\10.1.31\tomcat-embed-core-10.1.31.jar;C:\Users\david\.m2\repository\org\apache\tomcat\embed\tomcat-embed-el\10.1.31\tomcat-embed-el-10.1.31.jar;C:\Users\david\.m2\repository\org\apache\tomcat\embed\tomcat-embed-websocket\10.1.31\tomcat-embed-websocket-10.1.31.jar;C:\Users\david\.m2\repository\org\springframework\spring-web\6.1.14\spring-web-6.1.14.jar;C:\Users\david\.m2\repository\org\springframework\spring-beans\6.1.14\spring-beans-6.1.14.jar;C:\Users\david\.m2\repository\io\micrometer\micrometer-observation\1.13.6\micrometer-observation-1.13.6.jar;C:\Users\david\.m2\repository\io\micrometer\micrometer-commons\1.13.6\micrometer-commons-1.13.6.jar;C:\Users\david\.m2\repository\org\springframework\spring-webmvc\6.1.14\spring-webmvc-6.1.14.jar;C:\Users\david\.m2\repository\org\springframework\spring-context\6.1.14\spring-context-6.1.14.jar;C:\Users\david\.m2\repository\org\springframework\spring-expression\6.1.14\spring-expression-6.1.14.jar;C:\Users\david\.m2\repository\org\postgresql\postgresql\42.7.4\postgresql-42.7.4.jar;C:\Users\david\.m2\repository\org\checkerframework\checker-qual\3.42.0\checker-qual-3.42.0.jar;C:\Users\david\.m2\repository\org\projectlombok\lombok\1.18.34\lombok-1.18.34.jar;C:\Users\david\.m2\repository\org\liquibase\liquibase-core\4.30.0\liquibase-core-4.30.0.jar;C:\Users\david\.m2\repository\com\opencsv\opencsv\5.9\opencsv-5.9.jar;C:\Users\david\.m2\repository\org\yaml\snakeyaml\2.2\snakeyaml-2.2.jar;C:\Users\david\.m2\repository\javax\xml\bind\jaxb-api\2.3.1\jaxb-api-2.3.1.jar;C:\Users\david\.m2\repository\org\apache\commons\commons-collections4\4.4\commons-collections4-4.4.jar;C:\Users\david\.m2\repository\org\apache\commons\commons-text\1.12.0\commons-text-1.12.0.jar;C:\Users\david\.m2\repository\org\apache\commons\commons-lang3\3.14.0\commons-lang3-3.14.0.jar;C:\Users\david\.m2\repository\commons-io\commons-io\2.17.0\commons-io-2.17.0.jar;C:\Users\david\.m2\repository\org\springframework\boot\spring-boot-starter-data-jpa\3.4.0\spring-boot-starter-data-jpa-3.4.0.jar;C:\Users\david\.m2\repository\org\springframework\boot\spring-boot-starter-jdbc\3.3.5\spring-boot-starter-jdbc-3.3.5.jar;C:\Users\david\.m2\repository\com\zaxxer\HikariCP\5.1.0\HikariCP-5.1.0.jar;C:\Users\david\.m2\repository\org\springframework\spring-jdbc\6.1.14\spring-jdbc-6.1.14.jar;C:\Users\david\.m2\repository\org\hibernate\orm\hibernate-core\6.5.3.Final\hibernate-core-6.5.3.Final.jar;C:\Users\david\.m2\repository\jakarta\persistence\jakarta.persistence-api\3.1.0\jakarta.persistence-api-3.1.0.jar;C:\Users\david\.m2\repository\jakarta\transaction\jakarta.transaction-api\2.0.1\jakarta.transaction-api-2.0.1.jar;C:\Users\david\.m2\repository\org\jboss\logging\jboss-logging\3.5.3.Final\jboss-logging-3.5.3.Final.jar;C:\Users\david\.m2\repository\org\hibernate\common\hibernate-commons-annotations\6.0.6.Final\hibernate-commons-annotations-6.0.6.Final.jar;C:\Users\david\.m2\repository\io\smallrye\jandex\3.1.2\jandex-3.1.2.jar;C:\Users\david\.m2\repository\com\fasterxml\classmate\1.7.0\classmate-1.7.0.jar;C:\Users\david\.m2\repository\net\bytebuddy\byte-buddy\1.14.19\byte-buddy-1.14.19.jar;C:\Users\david\.m2\repository\org\glassfish\jaxb\jaxb-runtime\4.0.5\jaxb-runtime-4.0.5.jar;C:\Users\david\.m2\repository\org\glassfish\jaxb\jaxb-core\4.0.5\jaxb-core-4.0.5.jar;C:\Users\david\.m2\repository\org\eclipse\angus\angus-activation\2.0.2\angus-activation-2.0.2.jar;C:\Users\david\.m2\repository\org\glassfish\jaxb\txw2\4.0.5\txw2-4.0.5.jar;C:\Users\david\.m2\repository\com\sun\istack\istack-commons-runtime\4.1.2\istack-commons-runtime-4.1.2.jar;C:\Users\david\.m2\repository\jakarta\inject\jakarta.inject-api\2.0.1\jakarta.inject-api-2.0.1.jar;C:\Users\david\.m2\repository\org\antlr\antlr4-runtime\4.13.0\antlr4-runtime-4.13.0.jar;C:\Users\david\.m2\repository\org\springframework\data\spring-data-jpa\3.3.5\spring-data-jpa-3.3.5.jar;C:\Users\david\.m2\repository\org\springframework\data\spring-data-commons\3.3.5\spring-data-commons-3.3.5.jar;C:\Users\david\.m2\repository\org\springframework\spring-orm\6.1.14\spring-orm-6.1.14.jar;C:\Users\david\.m2\repository\org\springframework\spring-tx\6.1.14\spring-tx-6.1.14.jar;C:\Users\david\.m2\repository\org\slf4j\slf4j-api\2.0.16\slf4j-api-2.0.16.jar;C:\Users\david\.m2\repository\org\springframework\spring-aspects\6.1.14\spring-aspects-6.1.14.jar;C:\Users\david\.m2\repository\org\aspectj\aspectjweaver\1.9.22.1\aspectjweaver-1.9.22.1.jar;C:\Users\david\.m2\repository\org\springframework\boot\spring-boot-starter-test\3.3.5\spring-boot-starter-test-3.3.5.jar;C:\Users\david\.m2\repository\org\springframework\boot\spring-boot-test\3.3.5\spring-boot-test-3.3.5.jar;C:\Users\david\.m2\repository\org\springframework\boot\spring-boot-test-autoconfigure\3.3.5\spring-boot-test-autoconfigure-3.3.5.jar;C:\Users\david\.m2\repository\com\jayway\jsonpath\json-path\2.9.0\json-path-2.9.0.jar;C:\Users\david\.m2\repository\jakarta\xml\bind\jakarta.xml.bind-api\4.0.2\jakarta.xml.bind-api-4.0.2.jar;C:\Users\david\.m2\repository\jakarta\activation\jakarta.activation-api\2.1.3\jakarta.activation-api-2.1.3.jar;C:\Users\david\.m2\repository\net\minidev\json-smart\2.5.1\json-smart-2.5.1.jar;C:\Users\david\.m2\repository\net\minidev\accessors-smart\2.5.1\accessors-smart-2.5.1.jar;C:\Users\david\.m2\repository\org\ow2\asm\asm\9.6\asm-9.6.jar;C:\Users\david\.m2\repository\org\assertj\assertj-core\3.25.3\assertj-core-3.25.3.jar;C:\Users\david\.m2\repository\org\awaitility\awaitility\4.2.2\awaitility-4.2.2.jar;C:\Users\david\.m2\repository\org\hamcrest\hamcrest\2.2\hamcrest-2.2.jar;C:\Users\david\.m2\repository\org\junit\jupiter\junit-jupiter\5.10.5\junit-jupiter-5.10.5.jar;C:\Users\david\.m2\repository\org\junit\jupiter\junit-jupiter-api\5.10.5\junit-jupiter-api-5.10.5.jar;C:\Users\david\.m2\repository\org\opentest4j\opentest4j\1.3.0\opentest4j-1.3.0.jar;C:\Users\david\.m2\repository\org\junit\platform\junit-platform-commons\1.10.5\junit-platform-commons-1.10.5.jar;C:\Users\david\.m2\repository\org\apiguardian\apiguardian-api\1.1.2\apiguardian-api-1.1.2.jar;C:\Users\david\.m2\repository\org\junit\jupiter\junit-jupiter-params\5.10.5\junit-jupiter-params-5.10.5.jar;C:\Users\david\.m2\repository\org\junit\jupiter\junit-jupiter-engine\5.10.5\junit-jupiter-engine-5.10.5.jar;C:\Users\david\.m2\repository\org\junit\platform\junit-platform-engine\1.10.5\junit-platform-engine-1.10.5.jar;C:\Users\david\.m2\repository\org\mockito\mockito-core\5.11.0\mockito-core-5.11.0.jar;C:\Users\david\.m2\repository\net\bytebuddy\byte-buddy-agent\1.14.19\byte-buddy-agent-1.14.19.jar;C:\Users\david\.m2\repository\org\objenesis\objenesis\3.3\objenesis-3.3.jar;C:\Users\david\.m2\repository\org\mockito\mockito-junit-jupiter\5.11.0\mockito-junit-jupiter-5.11.0.jar;C:\Users\david\.m2\repository\org\skyscreamer\jsonassert\1.5.3\jsonassert-1.5.3.jar;C:\Users\david\.m2\repository\com\vaadin\external\google\android-json\0.0.20131108.vaadin1\android-json-0.0.20131108.vaadin1.jar;C:\Users\david\.m2\repository\org\springframework\spring-core\6.1.14\spring-core-6.1.14.jar;C:\Users\david\.m2\repository\org\springframework\spring-jcl\6.1.14\spring-jcl-6.1.14.jar;C:\Users\david\.m2\repository\org\springframework\spring-test\6.1.14\spring-test-6.1.14.jar;C:\Users\david\.m2\repository\org\xmlunit\xmlunit-core\2.9.1\xmlunit-core-2.9.1.jar;C:\Users\david\.m2\repository\com\fasterxml\jackson\core\jackson-databind\2.17.2\jackson-databind-2.17.2.jar;C:\Users\david\.m2\repository\com\fasterxml\jackson\core\jackson-annotations\2.17.2\jackson-annotations-2.17.2.jar;C:\Users\david\.m2\repository\com\fasterxml\jackson\core\jackson-core\2.17.2\jackson-core-2.17.2.jar;C:\Users\david\.m2\repository\com\h2database\h2\2.2.224\h2-2.2.224.jar;C:\Users\david\.m2\repository\org\springframework\boot\spring-boot-starter-security\3.3.5\spring-boot-starter-security-3.3.5.jar;C:\Users\david\.m2\repository\org\springframework\spring-aop\6.1.14\spring-aop-6.1.14.jar;C:\Users\david\.m2\repository\org\springframework\security\spring-security-config\6.3.4\spring-security-config-6.3.4.jar;C:\Users\david\.m2\repository\org\springframework\security\spring-security-core\6.3.4\spring-security-core-6.3.4.jar;C:\Users\david\.m2\repository\org\springframework\security\spring-security-crypto\6.3.4\spring-security-crypto-6.3.4.jar;C:\Users\david\.m2\repository\org\springframework\security\spring-security-web\6.3.4\spring-security-web-6.3.4.jar;C:\Users\david\.m2\repository\io\jsonwebtoken\jjwt-api\0.11.5\jjwt-api-0.11.5.jar;C:\Users\david\.m2\repository\io\jsonwebtoken\jjwt-impl\0.11.5\jjwt-impl-0.11.5.jar;C:\Users\david\.m2\repository\io\jsonwebtoken\jjwt-jackson\0.11.5\jjwt-jackson-0.11.5.jar;C:\Users\david\.m2\repository\com\google\api-client\google-api-client\2.2.0\google-api-client-2.2.0.jar;C:\Users\david\.m2\repository\commons-codec\commons-codec\1.16.1\commons-codec-1.16.1.jar;C:\Users\david\.m2\repository\com\google\oauth-client\google-oauth-client\1.34.1\google-oauth-client-1.34.1.jar;C:\Users\david\.m2\repository\com\google\http-client\google-http-client-gson\1.42.3\google-http-client-gson-1.42.3.jar;C:\Users\david\.m2\repository\com\google\code\gson\gson\2.10.1\gson-2.10.1.jar;C:\Users\david\.m2\repository\com\google\guava\guava\31.1-jre\guava-31.1-jre.jar;C:\Users\david\.m2\repository\com\google\guava\failureaccess\1.0.1\failureaccess-1.0.1.jar;C:\Users\david\.m2\repository\com\google\guava\listenablefuture\9999.0-empty-to-avoid-conflict-with-guava\listenablefuture-9999.0-empty-to-avoid-conflict-with-guava.jar;C:\Users\david\.m2\repository\com\google\code\findbugs\jsr305\3.0.2\jsr305-3.0.2.jar;C:\Users\david\.m2\repository\com\google\errorprone\error_prone_annotations\2.11.0\error_prone_annotations-2.11.0.jar;C:\Users\david\.m2\repository\com\google\j2objc\j2objc-annotations\1.3\j2objc-annotations-1.3.jar;C:\Users\david\.m2\repository\com\google\http-client\google-http-client-apache-v2\1.42.3\google-http-client-apache-v2-1.42.3.jar;C:\Users\david\.m2\repository\org\apache\httpcomponents\httpcore\4.4.16\httpcore-4.4.16.jar;C:\Users\david\.m2\repository\org\apache\httpcomponents\httpclient\4.5.14\httpclient-4.5.14.jar;C:\Users\david\.m2\repository\commons-logging\commons-logging\1.2\commons-logging-1.2.jar;C:\Users\david\.m2\repository\com\google\http-client\google-http-client\1.42.3\google-http-client-1.42.3.jar;C:\Users\david\.m2\repository\io\opencensus\opencensus-api\0.31.1\opencensus-api-0.31.1.jar;C:\Users\david\.m2\repository\io\grpc\grpc-context\1.27.2\grpc-context-1.27.2.jar;C:\Users\david\.m2\repository\io\opencensus\opencensus-contrib-http-util\0.31.1\opencensus-contrib-http-util-0.31.1.jar;C:\Users\david\.m2\repository\com\google\http-client\google-http-client-jackson2\1.44.1\google-http-client-jackson2-1.44.1.jar;C:\Users\david\.m2\repository\com\nimbusds\nimbus-jose-jwt\9.37\nimbus-jose-jwt-9.37.jar;C:\Users\david\.m2\repository\com\github\stephenc\jcip\jcip-annotations\1.0-1\jcip-annotations-1.0-1.jar;"/>
    <property name="sun.cpu.endian" value="little"/>
    <property name="user.home" value="C:\Users\david"/>
    <property name="user.language" value="en"/>
    <property name="java.specification.vendor" value="Oracle Corporation"/>
    <property name="java.version.date" value="2025-04-15"/>
    <property name="java.home" value="C:\Users\david\.jdks\temurin-21.0.7"/>
    <property name="file.separator" value="\"/>
    <property name="basedir" value="D:\Documents\moonshot-project"/>
    <property name="java.vm.compressedOopsMode" value="Zero based"/>
    <property name="line.separator" value="&#10;"/>
    <property name="java.vm.specification.vendor" value="Oracle Corporation"/>
    <property name="java.specification.name" value="Java Platform API Specification"/>
    <property name="FILE_LOG_CHARSET" value="UTF-8"/>
    <property name="java.awt.headless" value="true"/>
    <property name="surefire.real.class.path" value="C:\Users\david\AppData\Local\Temp\surefire7693352119891621084\surefirebooter-20250729091507623_3.jar"/>
    <property name="user.script" value=""/>
    <property name="sun.management.compiler" value="HotSpot 64-Bit Tiered Compilers"/>
    <property name="java.runtime.version" value="21.0.7+6-LTS"/>
    <property name="user.name" value="david"/>
    <property name="stdout.encoding" value="Cp1252"/>
    <property name="path.separator" value=";"/>
    <property name="os.version" value="10.0"/>
    <property name="java.runtime.name" value="OpenJDK Runtime Environment"/>
    <property name="file.encoding" value="UTF-8"/>
    <property name="java.vm.name" value="OpenJDK 64-Bit Server VM"/>
    <property name="java.vendor.version" value="Temurin-21.0.7+6"/>
    <property name="localRepository" value="C:\Users\david\.m2\repository"/>
    <property name="java.vendor.url.bug" value="https://github.com/adoptium/adoptium-support/issues"/>
    <property name="java.io.tmpdir" value="C:\Users\david\AppData\Local\Temp\"/>
    <property name="catalina.home" value="C:\Users\david\AppData\Local\Temp\tomcat.0.12192848383130738949"/>
    <property name="com.zaxxer.hikari.pool_number" value="2"/>
    <property name="java.version" value="21.0.7"/>
    <property name="user.dir" value="D:\Documents\moonshot-project"/>
    <property name="os.arch" value="amd64"/>
    <property name="java.vm.specification.name" value="Java Virtual Machine Specification"/>
    <property name="PID" value="12740"/>
    <property name="sun.os.patch.level" value=""/>
    <property name="CONSOLE_LOG_CHARSET" value="UTF-8"/>
    <property name="catalina.base" value="C:\Users\david\AppData\Local\Temp\tomcat.0.3926141316051660369"/>
    <property name="native.encoding" value="Cp1252"/>
    <property name="java.library.path" value="C:\Users\david\.jdks\temurin-21.0.7\bin;C:\Windows\Sun\Java\bin;C:\Windows\system32;C:\Windows;C:\Users\david\go\bin;C:\Program Files\Eclipse Adoptium\jdk-17.0.16.8-hotspot\bin;C:\Program Files (x86)\Common Files\Oracle\Java\java8path;C:\Program Files (x86)\Common Files\Oracle\Java\javapath;C:\Python311\Scripts\;C:\Python311\;C:\Windows\system32;C:\Windows;C:\Windows\System32\Wbem;C:\Windows\System32\WindowsPowerShell\v1.0\;C:\Windows\System32\OpenSSH\;C:\Program Files (x86)\NVIDIA Corporation\PhysX\Common;C:\Program Files\dotnet\;C:\Program Files\Git\cmd;C:\msys64\mingw64\bin;C:\Program Files\Go\bin;C:\Program Files\nodejs\;C:\ProgramData\chocolatey\bin;;C:\Program Files\NVIDIA Corporation\NVIDIA app\NvDLISR;C:\Program Files\Docker\Docker\resources\bin;C:\Users\david\AppData\Local\Microsoft\WindowsApps;C:\Users\david\.dotnet\tools;C:\Users\david\AppData\Local\GitHubDesktop\bin;C:\msys64\mingw64\bin;C:\Users\david\go\bin;C:\Users\david\AppData\Roaming\npm;C:\Users\david\AppData\Local\spicetify;%IntelliJ IDEA%;C:\Users\david\AppData\Local\Programs\garyttierney\me3\bin;D:\Games\me3\bin;."/>
    <property name="java.vm.info" value="mixed mode, sharing"/>
    <property name="stderr.encoding" value="Cp1252"/>
    <property name="java.vendor" value="Eclipse Adoptium"/>
    <property name="java.vm.version" value="21.0.7+6-LTS"/>
    <property name="sun.io.unicode.encoding" value="UnicodeLittle"/>
    <property name="java.class.version" value="65.0"/>
  </properties>
  <testcase name="shouldReturnAllUserAccessibilityFeatures" classname="com.example.moonshot.useraccessibilityfeature.UserAccessibilityFeatureServiceTest" time="0.138">
    <system-out><![CDATA[2025-07-29T09:15:23.057+02:00  INFO 12740 --- [           main] t.c.s.AnnotationConfigContextLoaderUtils : Could not detect default configuration classes for test class [com.example.moonshot.useraccessibilityfeature.UserAccessibilityFeatureServiceTest]: UserAccessibilityFeatureServiceTest does not declare any static, non-private, non-final, nested classes annotated with @Configuration.
2025-07-29T09:15:23.072+02:00  INFO 12740 --- [           main] .b.t.c.SpringBootTestContextBootstrapper : Found @SpringBootConfiguration com.example.moonshot.MoonshotProjectApplication for test class com.example.moonshot.useraccessibilityfeature.UserAccessibilityFeatureServiceTest
2025-07-29T09:15:23.076+02:00 DEBUG 12740 --- [           main] org.hibernate.SQL                        : select uaf1_0.id,uaf1_0.created_at,uaf1_0.feature_id,uaf1_0.updated_at,uaf1_0.user_id from user_accessibility_features uaf1_0
Hibernate: select uaf1_0.id,uaf1_0.created_at,uaf1_0.feature_id,uaf1_0.updated_at,uaf1_0.user_id from user_accessibility_features uaf1_0
2025-07-29T09:15:23.076+02:00 DEBUG 12740 --- [           main] org.hibernate.SQL                        : select af1_0.id,af1_0.created_at,af1_0.name,af1_0.updated_at from accessibility_features af1_0
Hibernate: select af1_0.id,af1_0.created_at,af1_0.name,af1_0.updated_at from accessibility_features af1_0
2025-07-29T09:15:23.077+02:00 DEBUG 12740 --- [           main] org.hibernate.SQL                        : select u1_0.id,u1_0.created_at,u1_0.email,u1_0.name,u1_0.nickname,u1_0.oauth_token,u1_0.password_hash,u1_0.phone,u1_0.platform,u1_0.updated_at from users u1_0
Hibernate: select u1_0.id,u1_0.created_at,u1_0.email,u1_0.name,u1_0.nickname,u1_0.oauth_token,u1_0.password_hash,u1_0.phone,u1_0.platform,u1_0.updated_at from users u1_0
2025-07-29T09:15:23.077+02:00 DEBUG 12740 --- [           main] org.hibernate.SQL                        : delete from users where id=?
Hibernate: delete from users where id=?
2025-07-29T09:15:23.134+02:00 DEBUG 12740 --- [           main] org.hibernate.SQL                        : insert into users (created_at,email,name,nickname,oauth_token,password_hash,phone,platform,updated_at,id) values (?,?,?,?,?,?,?,?,?,?)
Hibernate: insert into users (created_at,email,name,nickname,oauth_token,password_hash,phone,platform,updated_at,id) values (?,?,?,?,?,?,?,?,?,?)
2025-07-29T09:15:23.135+02:00 DEBUG 12740 --- [           main] org.hibernate.SQL                        : insert into accessibility_features (created_at,name,updated_at,id) values (?,?,?,?)
Hibernate: insert into accessibility_features (created_at,name,updated_at,id) values (?,?,?,?)
2025-07-29T09:15:23.137+02:00 DEBUG 12740 --- [           main] org.hibernate.SQL                        : select u1_0.id,u1_0.created_at,u1_0.email,u1_0.name,u1_0.nickname,u1_0.oauth_token,u1_0.password_hash,u1_0.phone,u1_0.platform,u1_0.updated_at from users u1_0 where u1_0.email=?
Hibernate: select u1_0.id,u1_0.created_at,u1_0.email,u1_0.name,u1_0.nickname,u1_0.oauth_token,u1_0.password_hash,u1_0.phone,u1_0.platform,u1_0.updated_at from users u1_0 where u1_0.email=?
2025-07-29T09:15:23.197+02:00 DEBUG 12740 --- [           main] org.hibernate.SQL                        : select u1_0.id,u1_0.created_at,u1_0.email,u1_0.name,u1_0.nickname,u1_0.oauth_token,u1_0.password_hash,u1_0.phone,u1_0.platform,u1_0.updated_at from users u1_0 where u1_0.email=?
Hibernate: select u1_0.id,u1_0.created_at,u1_0.email,u1_0.name,u1_0.nickname,u1_0.oauth_token,u1_0.password_hash,u1_0.phone,u1_0.platform,u1_0.updated_at from users u1_0 where u1_0.email=?
2025-07-29T09:15:23.201+02:00 DEBUG 12740 --- [           main] org.hibernate.SQL                        : select u1_0.id,u1_0.created_at,u1_0.email,u1_0.name,u1_0.nickname,u1_0.oauth_token,u1_0.password_hash,u1_0.phone,u1_0.platform,u1_0.updated_at from users u1_0 where u1_0.id=?
Hibernate: select u1_0.id,u1_0.created_at,u1_0.email,u1_0.name,u1_0.nickname,u1_0.oauth_token,u1_0.password_hash,u1_0.phone,u1_0.platform,u1_0.updated_at from users u1_0 where u1_0.id=?
2025-07-29T09:15:23.201+02:00 DEBUG 12740 --- [           main] org.hibernate.SQL                        : select af1_0.id,af1_0.created_at,af1_0.name,af1_0.updated_at from accessibility_features af1_0 where af1_0.id=?
Hibernate: select af1_0.id,af1_0.created_at,af1_0.name,af1_0.updated_at from accessibility_features af1_0 where af1_0.id=?
2025-07-29T09:15:23.202+02:00 DEBUG 12740 --- [           main] org.hibernate.SQL                        : insert into user_accessibility_features (created_at,feature_id,updated_at,user_id,id) values (?,?,?,?,?)
Hibernate: insert into user_accessibility_features (created_at,feature_id,updated_at,user_id,id) values (?,?,?,?,?)
2025-07-29T09:15:23.207+02:00 DEBUG 12740 --- [           main] org.hibernate.SQL                        : select u1_0.id,u1_0.created_at,u1_0.email,u1_0.name,u1_0.nickname,u1_0.oauth_token,u1_0.password_hash,u1_0.phone,u1_0.platform,u1_0.updated_at from users u1_0 where u1_0.email=?
Hibernate: select u1_0.id,u1_0.created_at,u1_0.email,u1_0.name,u1_0.nickname,u1_0.oauth_token,u1_0.password_hash,u1_0.phone,u1_0.platform,u1_0.updated_at from users u1_0 where u1_0.email=?
2025-07-29T09:15:23.209+02:00 DEBUG 12740 --- [           main] org.hibernate.SQL                        : select uaf1_0.id,uaf1_0.created_at,uaf1_0.feature_id,uaf1_0.updated_at,uaf1_0.user_id from user_accessibility_features uaf1_0
Hibernate: select uaf1_0.id,uaf1_0.created_at,uaf1_0.feature_id,uaf1_0.updated_at,uaf1_0.user_id from user_accessibility_features uaf1_0
]]></system-out>
  </testcase>
  <testcase name="shouldCreateLinkAndRetrieveItById" classname="com.example.moonshot.useraccessibilityfeature.UserAccessibilityFeatureServiceTest" time="0.135">
    <system-out><![CDATA[2025-07-29T09:15:23.214+02:00 DEBUG 12740 --- [           main] org.hibernate.SQL                        : select uaf1_0.id,uaf1_0.created_at,uaf1_0.feature_id,uaf1_0.updated_at,uaf1_0.user_id from user_accessibility_features uaf1_0
Hibernate: select uaf1_0.id,uaf1_0.created_at,uaf1_0.feature_id,uaf1_0.updated_at,uaf1_0.user_id from user_accessibility_features uaf1_0
2025-07-29T09:15:23.215+02:00 DEBUG 12740 --- [           main] org.hibernate.SQL                        : delete from user_accessibility_features where id=?
Hibernate: delete from user_accessibility_features where id=?
2025-07-29T09:15:23.216+02:00 DEBUG 12740 --- [           main] org.hibernate.SQL                        : select af1_0.id,af1_0.created_at,af1_0.name,af1_0.updated_at from accessibility_features af1_0
Hibernate: select af1_0.id,af1_0.created_at,af1_0.name,af1_0.updated_at from accessibility_features af1_0
2025-07-29T09:15:23.216+02:00 DEBUG 12740 --- [           main] org.hibernate.SQL                        : delete from accessibility_features where id=?
Hibernate: delete from accessibility_features where id=?
2025-07-29T09:15:23.217+02:00 DEBUG 12740 --- [           main] org.hibernate.SQL                        : select u1_0.id,u1_0.created_at,u1_0.email,u1_0.name,u1_0.nickname,u1_0.oauth_token,u1_0.password_hash,u1_0.phone,u1_0.platform,u1_0.updated_at from users u1_0
Hibernate: select u1_0.id,u1_0.created_at,u1_0.email,u1_0.name,u1_0.nickname,u1_0.oauth_token,u1_0.password_hash,u1_0.phone,u1_0.platform,u1_0.updated_at from users u1_0
2025-07-29T09:15:23.218+02:00 DEBUG 12740 --- [           main] org.hibernate.SQL                        : delete from users where id=?
Hibernate: delete from users where id=?
2025-07-29T09:15:23.274+02:00 DEBUG 12740 --- [           main] org.hibernate.SQL                        : insert into users (created_at,email,name,nickname,oauth_token,password_hash,phone,platform,updated_at,id) values (?,?,?,?,?,?,?,?,?,?)
Hibernate: insert into users (created_at,email,name,nickname,oauth_token,password_hash,phone,platform,updated_at,id) values (?,?,?,?,?,?,?,?,?,?)
2025-07-29T09:15:23.275+02:00 DEBUG 12740 --- [           main] org.hibernate.SQL                        : insert into accessibility_features (created_at,name,updated_at,id) values (?,?,?,?)
Hibernate: insert into accessibility_features (created_at,name,updated_at,id) values (?,?,?,?)
2025-07-29T09:15:23.276+02:00 DEBUG 12740 --- [           main] org.hibernate.SQL                        : select u1_0.id,u1_0.created_at,u1_0.email,u1_0.name,u1_0.nickname,u1_0.oauth_token,u1_0.password_hash,u1_0.phone,u1_0.platform,u1_0.updated_at from users u1_0 where u1_0.email=?
Hibernate: select u1_0.id,u1_0.created_at,u1_0.email,u1_0.name,u1_0.nickname,u1_0.oauth_token,u1_0.password_hash,u1_0.phone,u1_0.platform,u1_0.updated_at from users u1_0 where u1_0.email=?
2025-07-29T09:15:23.334+02:00 DEBUG 12740 --- [           main] org.hibernate.SQL                        : select u1_0.id,u1_0.created_at,u1_0.email,u1_0.name,u1_0.nickname,u1_0.oauth_token,u1_0.password_hash,u1_0.phone,u1_0.platform,u1_0.updated_at from users u1_0 where u1_0.email=?
Hibernate: select u1_0.id,u1_0.created_at,u1_0.email,u1_0.name,u1_0.nickname,u1_0.oauth_token,u1_0.password_hash,u1_0.phone,u1_0.platform,u1_0.updated_at from users u1_0 where u1_0.email=?
2025-07-29T09:15:23.337+02:00 DEBUG 12740 --- [           main] org.hibernate.SQL                        : select u1_0.id,u1_0.created_at,u1_0.email,u1_0.name,u1_0.nickname,u1_0.oauth_token,u1_0.password_hash,u1_0.phone,u1_0.platform,u1_0.updated_at from users u1_0 where u1_0.id=?
Hibernate: select u1_0.id,u1_0.created_at,u1_0.email,u1_0.name,u1_0.nickname,u1_0.oauth_token,u1_0.password_hash,u1_0.phone,u1_0.platform,u1_0.updated_at from users u1_0 where u1_0.id=?
2025-07-29T09:15:23.338+02:00 DEBUG 12740 --- [           main] org.hibernate.SQL                        : select af1_0.id,af1_0.created_at,af1_0.name,af1_0.updated_at from accessibility_features af1_0 where af1_0.id=?
Hibernate: select af1_0.id,af1_0.created_at,af1_0.name,af1_0.updated_at from accessibility_features af1_0 where af1_0.id=?
2025-07-29T09:15:23.338+02:00 DEBUG 12740 --- [           main] org.hibernate.SQL                        : insert into user_accessibility_features (created_at,feature_id,updated_at,user_id,id) values (?,?,?,?,?)
Hibernate: insert into user_accessibility_features (created_at,feature_id,updated_at,user_id,id) values (?,?,?,?,?)
2025-07-29T09:15:23.343+02:00 DEBUG 12740 --- [           main] org.hibernate.SQL                        : select u1_0.id,u1_0.created_at,u1_0.email,u1_0.name,u1_0.nickname,u1_0.oauth_token,u1_0.password_hash,u1_0.phone,u1_0.platform,u1_0.updated_at from users u1_0 where u1_0.email=?
Hibernate: select u1_0.id,u1_0.created_at,u1_0.email,u1_0.name,u1_0.nickname,u1_0.oauth_token,u1_0.password_hash,u1_0.phone,u1_0.platform,u1_0.updated_at from users u1_0 where u1_0.email=?
2025-07-29T09:15:23.345+02:00 DEBUG 12740 --- [           main] org.hibernate.SQL                        : select uaf1_0.id,uaf1_0.created_at,uaf1_0.feature_id,uaf1_0.updated_at,uaf1_0.user_id from user_accessibility_features uaf1_0 where uaf1_0.id=?
Hibernate: select uaf1_0.id,uaf1_0.created_at,uaf1_0.feature_id,uaf1_0.updated_at,uaf1_0.user_id from user_accessibility_features uaf1_0 where uaf1_0.id=?
]]></system-out>
  </testcase>
  <testcase name="shouldDeleteUserAccessibilityFeature" classname="com.example.moonshot.useraccessibilityfeature.UserAccessibilityFeatureServiceTest" time="0.132">
    <system-out><![CDATA[2025-07-29T09:15:23.350+02:00 DEBUG 12740 --- [           main] org.hibernate.SQL                        : select uaf1_0.id,uaf1_0.created_at,uaf1_0.feature_id,uaf1_0.updated_at,uaf1_0.user_id from user_accessibility_features uaf1_0
Hibernate: select uaf1_0.id,uaf1_0.created_at,uaf1_0.feature_id,uaf1_0.updated_at,uaf1_0.user_id from user_accessibility_features uaf1_0
2025-07-29T09:15:23.350+02:00 DEBUG 12740 --- [           main] org.hibernate.SQL                        : delete from user_accessibility_features where id=?
Hibernate: delete from user_accessibility_features where id=?
2025-07-29T09:15:23.351+02:00 DEBUG 12740 --- [           main] org.hibernate.SQL                        : select af1_0.id,af1_0.created_at,af1_0.name,af1_0.updated_at from accessibility_features af1_0
Hibernate: select af1_0.id,af1_0.created_at,af1_0.name,af1_0.updated_at from accessibility_features af1_0
2025-07-29T09:15:23.351+02:00 DEBUG 12740 --- [           main] org.hibernate.SQL                        : delete from accessibility_features where id=?
Hibernate: delete from accessibility_features where id=?
2025-07-29T09:15:23.352+02:00 DEBUG 12740 --- [           main] org.hibernate.SQL                        : select u1_0.id,u1_0.created_at,u1_0.email,u1_0.name,u1_0.nickname,u1_0.oauth_token,u1_0.password_hash,u1_0.phone,u1_0.platform,u1_0.updated_at from users u1_0
Hibernate: select u1_0.id,u1_0.created_at,u1_0.email,u1_0.name,u1_0.nickname,u1_0.oauth_token,u1_0.password_hash,u1_0.phone,u1_0.platform,u1_0.updated_at from users u1_0
2025-07-29T09:15:23.352+02:00 DEBUG 12740 --- [           main] org.hibernate.SQL                        : delete from users where id=?
Hibernate: delete from users where id=?
2025-07-29T09:15:23.408+02:00 DEBUG 12740 --- [           main] org.hibernate.SQL                        : insert into users (created_at,email,name,nickname,oauth_token,password_hash,phone,platform,updated_at,id) values (?,?,?,?,?,?,?,?,?,?)
Hibernate: insert into users (created_at,email,name,nickname,oauth_token,password_hash,phone,platform,updated_at,id) values (?,?,?,?,?,?,?,?,?,?)
2025-07-29T09:15:23.408+02:00 DEBUG 12740 --- [           main] org.hibernate.SQL                        : insert into accessibility_features (created_at,name,updated_at,id) values (?,?,?,?)
Hibernate: insert into accessibility_features (created_at,name,updated_at,id) values (?,?,?,?)
2025-07-29T09:15:23.410+02:00 DEBUG 12740 --- [           main] org.hibernate.SQL                        : select u1_0.id,u1_0.created_at,u1_0.email,u1_0.name,u1_0.nickname,u1_0.oauth_token,u1_0.password_hash,u1_0.phone,u1_0.platform,u1_0.updated_at from users u1_0 where u1_0.email=?
Hibernate: select u1_0.id,u1_0.created_at,u1_0.email,u1_0.name,u1_0.nickname,u1_0.oauth_token,u1_0.password_hash,u1_0.phone,u1_0.platform,u1_0.updated_at from users u1_0 where u1_0.email=?
2025-07-29T09:15:23.466+02:00 DEBUG 12740 --- [           main] org.hibernate.SQL                        : select u1_0.id,u1_0.created_at,u1_0.email,u1_0.name,u1_0.nickname,u1_0.oauth_token,u1_0.password_hash,u1_0.phone,u1_0.platform,u1_0.updated_at from users u1_0 where u1_0.id=?
Hibernate: select u1_0.id,u1_0.created_at,u1_0.email,u1_0.name,u1_0.nickname,u1_0.oauth_token,u1_0.password_hash,u1_0.phone,u1_0.platform,u1_0.updated_at from users u1_0 where u1_0.id=?
2025-07-29T09:15:23.467+02:00 DEBUG 12740 --- [           main] org.hibernate.SQL                        : select af1_0.id,af1_0.created_at,af1_0.name,af1_0.updated_at from accessibility_features af1_0 where af1_0.id=?
Hibernate: select af1_0.id,af1_0.created_at,af1_0.name,af1_0.updated_at from accessibility_features af1_0 where af1_0.id=?
2025-07-29T09:15:23.468+02:00 DEBUG 12740 --- [           main] org.hibernate.SQL                        : insert into user_accessibility_features (created_at,feature_id,updated_at,user_id,id) values (?,?,?,?,?)
Hibernate: insert into user_accessibility_features (created_at,feature_id,updated_at,user_id,id) values (?,?,?,?,?)
2025-07-29T09:15:23.470+02:00 DEBUG 12740 --- [           main] org.hibernate.SQL                        : select u1_0.id,u1_0.created_at,u1_0.email,u1_0.name,u1_0.nickname,u1_0.oauth_token,u1_0.password_hash,u1_0.phone,u1_0.platform,u1_0.updated_at from users u1_0 where u1_0.email=?
Hibernate: select u1_0.id,u1_0.created_at,u1_0.email,u1_0.name,u1_0.nickname,u1_0.oauth_token,u1_0.password_hash,u1_0.phone,u1_0.platform,u1_0.updated_at from users u1_0 where u1_0.email=?
2025-07-29T09:15:23.473+02:00 DEBUG 12740 --- [           main] org.hibernate.SQL                        : select uaf1_0.id,uaf1_0.created_at,uaf1_0.feature_id,uaf1_0.updated_at,uaf1_0.user_id from user_accessibility_features uaf1_0 where uaf1_0.id=?
Hibernate: select uaf1_0.id,uaf1_0.created_at,uaf1_0.feature_id,uaf1_0.updated_at,uaf1_0.user_id from user_accessibility_features uaf1_0 where uaf1_0.id=?
2025-07-29T09:15:23.473+02:00 DEBUG 12740 --- [           main] org.hibernate.SQL                        : delete from user_accessibility_features where id=?
Hibernate: delete from user_accessibility_features where id=?
2025-07-29T09:15:23.476+02:00 DEBUG 12740 --- [           main] org.hibernate.SQL                        : select u1_0.id,u1_0.created_at,u1_0.email,u1_0.name,u1_0.nickname,u1_0.oauth_token,u1_0.password_hash,u1_0.phone,u1_0.platform,u1_0.updated_at from users u1_0 where u1_0.email=?
Hibernate: select u1_0.id,u1_0.created_at,u1_0.email,u1_0.name,u1_0.nickname,u1_0.oauth_token,u1_0.password_hash,u1_0.phone,u1_0.platform,u1_0.updated_at from users u1_0 where u1_0.email=?
2025-07-29T09:15:23.478+02:00 DEBUG 12740 --- [           main] org.hibernate.SQL                        : select uaf1_0.id,uaf1_0.created_at,uaf1_0.feature_id,uaf1_0.updated_at,uaf1_0.user_id from user_accessibility_features uaf1_0 where uaf1_0.id=?
Hibernate: select uaf1_0.id,uaf1_0.created_at,uaf1_0.feature_id,uaf1_0.updated_at,uaf1_0.user_id from user_accessibility_features uaf1_0 where uaf1_0.id=?
]]></system-out>
  </testcase>
</testsuite>