<?xml version="1.0" encoding="UTF-8"?>
<testsuite xmlns:xsi="http://www.w3.org/2001/XMLSchema-instance" xsi:noNamespaceSchemaLocation="https://maven.apache.org/surefire/maven-surefire-plugin/xsd/surefire-test-report-3.0.xsd" version="3.0" name="com.example.moonshot.accessibilityfeature.AccessibilityFeatureServiceTest" time="6.484" tests="3" errors="0" skipped="0" failures="0">
  <properties>
    <property name="java.specification.version" value="21"/>
    <property name="sun.cpu.isalist" value="amd64"/>
    <property name="sun.jnu.encoding" value="Cp1252"/>
    <property name="java.class.path" value="D:\Documents\moonshot-project\target\test-classes;D:\Documents\moonshot-project\target\classes;C:\Users\david\.m2\repository\org\springframework\boot\spring-boot-starter-web\3.3.5\spring-boot-starter-web-3.3.5.jar;C:\Users\david\.m2\repository\org\springframework\boot\spring-boot-starter\3.3.5\spring-boot-starter-3.3.5.jar;C:\Users\david\.m2\repository\org\springframework\boot\spring-boot\3.3.5\spring-boot-3.3.5.jar;C:\Users\david\.m2\repository\org\springframework\boot\spring-boot-autoconfigure\3.3.5\spring-boot-autoconfigure-3.3.5.jar;C:\Users\david\.m2\repository\org\springframework\boot\spring-boot-starter-logging\3.3.5\spring-boot-starter-logging-3.3.5.jar;C:\Users\david\.m2\repository\ch\qos\logback\logback-classic\1.5.11\logback-classic-1.5.11.jar;C:\Users\david\.m2\repository\ch\qos\logback\logback-core\1.5.11\logback-core-1.5.11.jar;C:\Users\david\.m2\repository\org\apache\logging\log4j\log4j-to-slf4j\2.23.1\log4j-to-slf4j-2.23.1.jar;C:\Users\david\.m2\repository\org\apache\logging\log4j\log4j-api\2.23.1\log4j-api-2.23.1.jar;C:\Users\david\.m2\repository\org\slf4j\jul-to-slf4j\2.0.16\jul-to-slf4j-2.0.16.jar;C:\Users\david\.m2\repository\jakarta\annotation\jakarta.annotation-api\2.1.1\jakarta.annotation-api-2.1.1.jar;C:\Users\david\.m2\repository\org\springframework\boot\spring-boot-starter-json\3.3.5\spring-boot-starter-json-3.3.5.jar;C:\Users\david\.m2\repository\com\fasterxml\jackson\datatype\jackson-datatype-jdk8\2.17.2\jackson-datatype-jdk8-2.17.2.jar;C:\Users\david\.m2\repository\com\fasterxml\jackson\datatype\jackson-datatype-jsr310\2.17.2\jackson-datatype-jsr310-2.17.2.jar;C:\Users\david\.m2\repository\com\fasterxml\jackson\module\jackson-module-parameter-names\2.17.2\jackson-module-parameter-names-2.17.2.jar;C:\Users\david\.m2\repository\org\springframework\boot\spring-boot-starter-tomcat\3.3.5\spring-boot-starter-tomcat-3.3.5.jar;C:\Users\david\.m2\repository\org\apache\tomcat\embed\tomcat-embed-core\10.1.31\tomcat-embed-core-10.1.31.jar;C:\Users\david\.m2\repository\org\apache\tomcat\embed\tomcat-embed-el\10.1.31\tomcat-embed-el-10.1.31.jar;C:\Users\david\.m2\repository\org\apache\tomcat\embed\tomcat-embed-websocket\10.1.31\tomcat-embed-websocket-10.1.31.jar;C:\Users\david\.m2\repository\org\springframework\spring-web\6.1.14\spring-web-6.1.14.jar;C:\Users\david\.m2\repository\org\springframework\spring-beans\6.1.14\spring-beans-6.1.14.jar;C:\Users\david\.m2\repository\io\micrometer\micrometer-observation\1.13.6\micrometer-observation-1.13.6.jar;C:\Users\david\.m2\repository\io\micrometer\micrometer-commons\1.13.6\micrometer-commons-1.13.6.jar;C:\Users\david\.m2\repository\org\springframework\spring-webmvc\6.1.14\spring-webmvc-6.1.14.jar;C:\Users\david\.m2\repository\org\springframework\spring-context\6.1.14\spring-context-6.1.14.jar;C:\Users\david\.m2\repository\org\springframework\spring-expression\6.1.14\spring-expression-6.1.14.jar;C:\Users\david\.m2\repository\org\postgresql\postgresql\42.7.4\postgresql-42.7.4.jar;C:\Users\david\.m2\repository\org\checkerframework\checker-qual\3.42.0\checker-qual-3.42.0.jar;C:\Users\david\.m2\repository\org\projectlombok\lombok\1.18.34\lombok-1.18.34.jar;C:\Users\david\.m2\repository\org\liquibase\liquibase-core\4.30.0\liquibase-core-4.30.0.jar;C:\Users\david\.m2\repository\com\opencsv\opencsv\5.9\opencsv-5.9.jar;C:\Users\david\.m2\repository\org\yaml\snakeyaml\2.2\snakeyaml-2.2.jar;C:\Users\david\.m2\repository\javax\xml\bind\jaxb-api\2.3.1\jaxb-api-2.3.1.jar;C:\Users\david\.m2\repository\org\apache\commons\commons-collections4\4.4\commons-collections4-4.4.jar;C:\Users\david\.m2\repository\org\apache\commons\commons-text\1.12.0\commons-text-1.12.0.jar;C:\Users\david\.m2\repository\org\apache\commons\commons-lang3\3.14.0\commons-lang3-3.14.0.jar;C:\Users\david\.m2\repository\commons-io\commons-io\2.17.0\commons-io-2.17.0.jar;C:\Users\david\.m2\repository\org\springframework\boot\spring-boot-starter-data-jpa\3.4.0\spring-boot-starter-data-jpa-3.4.0.jar;C:\Users\david\.m2\repository\org\springframework\boot\spring-boot-starter-jdbc\3.3.5\spring-boot-starter-jdbc-3.3.5.jar;C:\Users\david\.m2\repository\com\zaxxer\HikariCP\5.1.0\HikariCP-5.1.0.jar;C:\Users\david\.m2\repository\org\springframework\spring-jdbc\6.1.14\spring-jdbc-6.1.14.jar;C:\Users\david\.m2\repository\org\hibernate\orm\hibernate-core\6.5.3.Final\hibernate-core-6.5.3.Final.jar;C:\Users\david\.m2\repository\jakarta\persistence\jakarta.persistence-api\3.1.0\jakarta.persistence-api-3.1.0.jar;C:\Users\david\.m2\repository\jakarta\transaction\jakarta.transaction-api\2.0.1\jakarta.transaction-api-2.0.1.jar;C:\Users\david\.m2\repository\org\jboss\logging\jboss-logging\3.5.3.Final\jboss-logging-3.5.3.Final.jar;C:\Users\david\.m2\repository\org\hibernate\common\hibernate-commons-annotations\6.0.6.Final\hibernate-commons-annotations-6.0.6.Final.jar;C:\Users\david\.m2\repository\io\smallrye\jandex\3.1.2\jandex-3.1.2.jar;C:\Users\david\.m2\repository\com\fasterxml\classmate\1.7.0\classmate-1.7.0.jar;C:\Users\david\.m2\repository\net\bytebuddy\byte-buddy\1.14.19\byte-buddy-1.14.19.jar;C:\Users\david\.m2\repository\org\glassfish\jaxb\jaxb-runtime\4.0.5\jaxb-runtime-4.0.5.jar;C:\Users\david\.m2\repository\org\glassfish\jaxb\jaxb-core\4.0.5\jaxb-core-4.0.5.jar;C:\Users\david\.m2\repository\org\eclipse\angus\angus-activation\2.0.2\angus-activation-2.0.2.jar;C:\Users\david\.m2\repository\org\glassfish\jaxb\txw2\4.0.5\txw2-4.0.5.jar;C:\Users\david\.m2\repository\com\sun\istack\istack-commons-runtime\4.1.2\istack-commons-runtime-4.1.2.jar;C:\Users\david\.m2\repository\jakarta\inject\jakarta.inject-api\2.0.1\jakarta.inject-api-2.0.1.jar;C:\Users\david\.m2\repository\org\antlr\antlr4-runtime\4.13.0\antlr4-runtime-4.13.0.jar;C:\Users\david\.m2\repository\org\springframework\data\spring-data-jpa\3.3.5\spring-data-jpa-3.3.5.jar;C:\Users\david\.m2\repository\org\springframework\data\spring-data-commons\3.3.5\spring-data-commons-3.3.5.jar;C:\Users\david\.m2\repository\org\springframework\spring-orm\6.1.14\spring-orm-6.1.14.jar;C:\Users\david\.m2\repository\org\springframework\spring-tx\6.1.14\spring-tx-6.1.14.jar;C:\Users\david\.m2\repository\org\slf4j\slf4j-api\2.0.16\slf4j-api-2.0.16.jar;C:\Users\david\.m2\repository\org\springframework\spring-aspects\6.1.14\spring-aspects-6.1.14.jar;C:\Users\david\.m2\repository\org\aspectj\aspectjweaver\1.9.22.1\aspectjweaver-1.9.22.1.jar;C:\Users\david\.m2\repository\org\springframework\boot\spring-boot-starter-test\3.3.5\spring-boot-starter-test-3.3.5.jar;C:\Users\david\.m2\repository\org\springframework\boot\spring-boot-test\3.3.5\spring-boot-test-3.3.5.jar;C:\Users\david\.m2\repository\org\springframework\boot\spring-boot-test-autoconfigure\3.3.5\spring-boot-test-autoconfigure-3.3.5.jar;C:\Users\david\.m2\repository\com\jayway\jsonpath\json-path\2.9.0\json-path-2.9.0.jar;C:\Users\david\.m2\repository\jakarta\xml\bind\jakarta.xml.bind-api\4.0.2\jakarta.xml.bind-api-4.0.2.jar;C:\Users\david\.m2\repository\jakarta\activation\jakarta.activation-api\2.1.3\jakarta.activation-api-2.1.3.jar;C:\Users\david\.m2\repository\net\minidev\json-smart\2.5.1\json-smart-2.5.1.jar;C:\Users\david\.m2\repository\net\minidev\accessors-smart\2.5.1\accessors-smart-2.5.1.jar;C:\Users\david\.m2\repository\org\ow2\asm\asm\9.6\asm-9.6.jar;C:\Users\david\.m2\repository\org\assertj\assertj-core\3.25.3\assertj-core-3.25.3.jar;C:\Users\david\.m2\repository\org\awaitility\awaitility\4.2.2\awaitility-4.2.2.jar;C:\Users\david\.m2\repository\org\hamcrest\hamcrest\2.2\hamcrest-2.2.jar;C:\Users\david\.m2\repository\org\junit\jupiter\junit-jupiter\5.10.5\junit-jupiter-5.10.5.jar;C:\Users\david\.m2\repository\org\junit\jupiter\junit-jupiter-api\5.10.5\junit-jupiter-api-5.10.5.jar;C:\Users\david\.m2\repository\org\opentest4j\opentest4j\1.3.0\opentest4j-1.3.0.jar;C:\Users\david\.m2\repository\org\junit\platform\junit-platform-commons\1.10.5\junit-platform-commons-1.10.5.jar;C:\Users\david\.m2\repository\org\apiguardian\apiguardian-api\1.1.2\apiguardian-api-1.1.2.jar;C:\Users\david\.m2\repository\org\junit\jupiter\junit-jupiter-params\5.10.5\junit-jupiter-params-5.10.5.jar;C:\Users\david\.m2\repository\org\junit\jupiter\junit-jupiter-engine\5.10.5\junit-jupiter-engine-5.10.5.jar;C:\Users\david\.m2\repository\org\junit\platform\junit-platform-engine\1.10.5\junit-platform-engine-1.10.5.jar;C:\Users\david\.m2\repository\org\mockito\mockito-core\5.11.0\mockito-core-5.11.0.jar;C:\Users\david\.m2\repository\net\bytebuddy\byte-buddy-agent\1.14.19\byte-buddy-agent-1.14.19.jar;C:\Users\david\.m2\repository\org\objenesis\objenesis\3.3\objenesis-3.3.jar;C:\Users\david\.m2\repository\org\mockito\mockito-junit-jupiter\5.11.0\mockito-junit-jupiter-5.11.0.jar;C:\Users\david\.m2\repository\org\skyscreamer\jsonassert\1.5.3\jsonassert-1.5.3.jar;C:\Users\david\.m2\repository\com\vaadin\external\google\android-json\0.0.20131108.vaadin1\android-json-0.0.20131108.vaadin1.jar;C:\Users\david\.m2\repository\org\springframework\spring-core\6.1.14\spring-core-6.1.14.jar;C:\Users\david\.m2\repository\org\springframework\spring-jcl\6.1.14\spring-jcl-6.1.14.jar;C:\Users\david\.m2\repository\org\springframework\spring-test\6.1.14\spring-test-6.1.14.jar;C:\Users\david\.m2\repository\org\xmlunit\xmlunit-core\2.9.1\xmlunit-core-2.9.1.jar;C:\Users\david\.m2\repository\com\fasterxml\jackson\core\jackson-databind\2.17.2\jackson-databind-2.17.2.jar;C:\Users\david\.m2\repository\com\fasterxml\jackson\core\jackson-annotations\2.17.2\jackson-annotations-2.17.2.jar;C:\Users\david\.m2\repository\com\fasterxml\jackson\core\jackson-core\2.17.2\jackson-core-2.17.2.jar;C:\Users\david\.m2\repository\com\h2database\h2\2.2.224\h2-2.2.224.jar;C:\Users\david\.m2\repository\org\springframework\boot\spring-boot-starter-security\3.3.5\spring-boot-starter-security-3.3.5.jar;C:\Users\david\.m2\repository\org\springframework\spring-aop\6.1.14\spring-aop-6.1.14.jar;C:\Users\david\.m2\repository\org\springframework\security\spring-security-config\6.3.4\spring-security-config-6.3.4.jar;C:\Users\david\.m2\repository\org\springframework\security\spring-security-core\6.3.4\spring-security-core-6.3.4.jar;C:\Users\david\.m2\repository\org\springframework\security\spring-security-crypto\6.3.4\spring-security-crypto-6.3.4.jar;C:\Users\david\.m2\repository\org\springframework\security\spring-security-web\6.3.4\spring-security-web-6.3.4.jar;C:\Users\david\.m2\repository\io\jsonwebtoken\jjwt-api\0.11.5\jjwt-api-0.11.5.jar;C:\Users\david\.m2\repository\io\jsonwebtoken\jjwt-impl\0.11.5\jjwt-impl-0.11.5.jar;C:\Users\david\.m2\repository\io\jsonwebtoken\jjwt-jackson\0.11.5\jjwt-jackson-0.11.5.jar;C:\Users\david\.m2\repository\com\google\api-client\google-api-client\2.2.0\google-api-client-2.2.0.jar;C:\Users\david\.m2\repository\commons-codec\commons-codec\1.16.1\commons-codec-1.16.1.jar;C:\Users\david\.m2\repository\com\google\oauth-client\google-oauth-client\1.34.1\google-oauth-client-1.34.1.jar;C:\Users\david\.m2\repository\com\google\http-client\google-http-client-gson\1.42.3\google-http-client-gson-1.42.3.jar;C:\Users\david\.m2\repository\com\google\code\gson\gson\2.10.1\gson-2.10.1.jar;C:\Users\david\.m2\repository\com\google\guava\guava\31.1-jre\guava-31.1-jre.jar;C:\Users\david\.m2\repository\com\google\guava\failureaccess\1.0.1\failureaccess-1.0.1.jar;C:\Users\david\.m2\repository\com\google\guava\listenablefuture\9999.0-empty-to-avoid-conflict-with-guava\listenablefuture-9999.0-empty-to-avoid-conflict-with-guava.jar;C:\Users\david\.m2\repository\com\google\code\findbugs\jsr305\3.0.2\jsr305-3.0.2.jar;C:\Users\david\.m2\repository\com\google\errorprone\error_prone_annotations\2.11.0\error_prone_annotations-2.11.0.jar;C:\Users\david\.m2\repository\com\google\j2objc\j2objc-annotations\1.3\j2objc-annotations-1.3.jar;C:\Users\david\.m2\repository\com\google\http-client\google-http-client-apache-v2\1.42.3\google-http-client-apache-v2-1.42.3.jar;C:\Users\david\.m2\repository\org\apache\httpcomponents\httpcore\4.4.16\httpcore-4.4.16.jar;C:\Users\david\.m2\repository\org\apache\httpcomponents\httpclient\4.5.14\httpclient-4.5.14.jar;C:\Users\david\.m2\repository\commons-logging\commons-logging\1.2\commons-logging-1.2.jar;C:\Users\david\.m2\repository\com\google\http-client\google-http-client\1.42.3\google-http-client-1.42.3.jar;C:\Users\david\.m2\repository\io\opencensus\opencensus-api\0.31.1\opencensus-api-0.31.1.jar;C:\Users\david\.m2\repository\io\grpc\grpc-context\1.27.2\grpc-context-1.27.2.jar;C:\Users\david\.m2\repository\io\opencensus\opencensus-contrib-http-util\0.31.1\opencensus-contrib-http-util-0.31.1.jar;C:\Users\david\.m2\repository\com\google\http-client\google-http-client-jackson2\1.44.1\google-http-client-jackson2-1.44.1.jar;C:\Users\david\.m2\repository\com\nimbusds\nimbus-jose-jwt\9.37\nimbus-jose-jwt-9.37.jar;C:\Users\david\.m2\repository\com\github\stephenc\jcip\jcip-annotations\1.0-1\jcip-annotations-1.0-1.jar;"/>
    <property name="java.vm.vendor" value="Eclipse Adoptium"/>
    <property name="sun.arch.data.model" value="64"/>
    <property name="user.variant" value=""/>
    <property name="catalina.useNaming" value="false"/>
    <property name="java.vendor.url" value="https://adoptium.net/"/>
    <property name="user.timezone" value="Europe/Paris"/>
    <property name="org.jboss.logging.provider" value="slf4j"/>
    <property name="os.name" value="Windows 10"/>
    <property name="java.vm.specification.version" value="21"/>
    <property name="sun.java.launcher" value="SUN_STANDARD"/>
    <property name="user.country" value="US"/>
    <property name="sun.boot.library.path" value="C:\Users\david\.jdks\temurin-21.0.7\bin"/>
    <property name="sun.java.command" value="C:\Users\david\AppData\Local\Temp\surefire7693352119891621084\surefirebooter-20250729091507623_3.jar C:\Users\david\AppData\Local\Temp\surefire7693352119891621084 2025-07-29T09-15-07_514-jvmRun1 surefire-20250729091507623_1tmp surefire_0-20250729091507623_2tmp"/>
    <property name="jdk.debug" value="release"/>
    <property name="surefire.test.class.path" value="D:\Documents\moonshot-project\target\test-classes;D:\Documents\moonshot-project\target\classes;C:\Users\david\.m2\repository\org\springframework\boot\spring-boot-starter-web\3.3.5\spring-boot-starter-web-3.3.5.jar;C:\Users\david\.m2\repository\org\springframework\boot\spring-boot-starter\3.3.5\spring-boot-starter-3.3.5.jar;C:\Users\david\.m2\repository\org\springframework\boot\spring-boot\3.3.5\spring-boot-3.3.5.jar;C:\Users\david\.m2\repository\org\springframework\boot\spring-boot-autoconfigure\3.3.5\spring-boot-autoconfigure-3.3.5.jar;C:\Users\david\.m2\repository\org\springframework\boot\spring-boot-starter-logging\3.3.5\spring-boot-starter-logging-3.3.5.jar;C:\Users\david\.m2\repository\ch\qos\logback\logback-classic\1.5.11\logback-classic-1.5.11.jar;C:\Users\david\.m2\repository\ch\qos\logback\logback-core\1.5.11\logback-core-1.5.11.jar;C:\Users\david\.m2\repository\org\apache\logging\log4j\log4j-to-slf4j\2.23.1\log4j-to-slf4j-2.23.1.jar;C:\Users\david\.m2\repository\org\apache\logging\log4j\log4j-api\2.23.1\log4j-api-2.23.1.jar;C:\Users\david\.m2\repository\org\slf4j\jul-to-slf4j\2.0.16\jul-to-slf4j-2.0.16.jar;C:\Users\david\.m2\repository\jakarta\annotation\jakarta.annotation-api\2.1.1\jakarta.annotation-api-2.1.1.jar;C:\Users\david\.m2\repository\org\springframework\boot\spring-boot-starter-json\3.3.5\spring-boot-starter-json-3.3.5.jar;C:\Users\david\.m2\repository\com\fasterxml\jackson\datatype\jackson-datatype-jdk8\2.17.2\jackson-datatype-jdk8-2.17.2.jar;C:\Users\david\.m2\repository\com\fasterxml\jackson\datatype\jackson-datatype-jsr310\2.17.2\jackson-datatype-jsr310-2.17.2.jar;C:\Users\david\.m2\repository\com\fasterxml\jackson\module\jackson-module-parameter-names\2.17.2\jackson-module-parameter-names-2.17.2.jar;C:\Users\david\.m2\repository\org\springframework\boot\spring-boot-starter-tomcat\3.3.5\spring-boot-starter-tomcat-3.3.5.jar;C:\Users\david\.m2\repository\org\apache\tomcat\embed\tomcat-embed-core\10.1.31\tomcat-embed-core-10.1.31.jar;C:\Users\david\.m2\repository\org\apache\tomcat\embed\tomcat-embed-el\10.1.31\tomcat-embed-el-10.1.31.jar;C:\Users\david\.m2\repository\org\apache\tomcat\embed\tomcat-embed-websocket\10.1.31\tomcat-embed-websocket-10.1.31.jar;C:\Users\david\.m2\repository\org\springframework\spring-web\6.1.14\spring-web-6.1.14.jar;C:\Users\david\.m2\repository\org\springframework\spring-beans\6.1.14\spring-beans-6.1.14.jar;C:\Users\david\.m2\repository\io\micrometer\micrometer-observation\1.13.6\micrometer-observation-1.13.6.jar;C:\Users\david\.m2\repository\io\micrometer\micrometer-commons\1.13.6\micrometer-commons-1.13.6.jar;C:\Users\david\.m2\repository\org\springframework\spring-webmvc\6.1.14\spring-webmvc-6.1.14.jar;C:\Users\david\.m2\repository\org\springframework\spring-context\6.1.14\spring-context-6.1.14.jar;C:\Users\david\.m2\repository\org\springframework\spring-expression\6.1.14\spring-expression-6.1.14.jar;C:\Users\david\.m2\repository\org\postgresql\postgresql\42.7.4\postgresql-42.7.4.jar;C:\Users\david\.m2\repository\org\checkerframework\checker-qual\3.42.0\checker-qual-3.42.0.jar;C:\Users\david\.m2\repository\org\projectlombok\lombok\1.18.34\lombok-1.18.34.jar;C:\Users\david\.m2\repository\org\liquibase\liquibase-core\4.30.0\liquibase-core-4.30.0.jar;C:\Users\david\.m2\repository\com\opencsv\opencsv\5.9\opencsv-5.9.jar;C:\Users\david\.m2\repository\org\yaml\snakeyaml\2.2\snakeyaml-2.2.jar;C:\Users\david\.m2\repository\javax\xml\bind\jaxb-api\2.3.1\jaxb-api-2.3.1.jar;C:\Users\david\.m2\repository\org\apache\commons\commons-collections4\4.4\commons-collections4-4.4.jar;C:\Users\david\.m2\repository\org\apache\commons\commons-text\1.12.0\commons-text-1.12.0.jar;C:\Users\david\.m2\repository\org\apache\commons\commons-lang3\3.14.0\commons-lang3-3.14.0.jar;C:\Users\david\.m2\repository\commons-io\commons-io\2.17.0\commons-io-2.17.0.jar;C:\Users\david\.m2\repository\org\springframework\boot\spring-boot-starter-data-jpa\3.4.0\spring-boot-starter-data-jpa-3.4.0.jar;C:\Users\david\.m2\repository\org\springframework\boot\spring-boot-starter-jdbc\3.3.5\spring-boot-starter-jdbc-3.3.5.jar;C:\Users\david\.m2\repository\com\zaxxer\HikariCP\5.1.0\HikariCP-5.1.0.jar;C:\Users\david\.m2\repository\org\springframework\spring-jdbc\6.1.14\spring-jdbc-6.1.14.jar;C:\Users\david\.m2\repository\org\hibernate\orm\hibernate-core\6.5.3.Final\hibernate-core-6.5.3.Final.jar;C:\Users\david\.m2\repository\jakarta\persistence\jakarta.persistence-api\3.1.0\jakarta.persistence-api-3.1.0.jar;C:\Users\david\.m2\repository\jakarta\transaction\jakarta.transaction-api\2.0.1\jakarta.transaction-api-2.0.1.jar;C:\Users\david\.m2\repository\org\jboss\logging\jboss-logging\3.5.3.Final\jboss-logging-3.5.3.Final.jar;C:\Users\david\.m2\repository\org\hibernate\common\hibernate-commons-annotations\6.0.6.Final\hibernate-commons-annotations-6.0.6.Final.jar;C:\Users\david\.m2\repository\io\smallrye\jandex\3.1.2\jandex-3.1.2.jar;C:\Users\david\.m2\repository\com\fasterxml\classmate\1.7.0\classmate-1.7.0.jar;C:\Users\david\.m2\repository\net\bytebuddy\byte-buddy\1.14.19\byte-buddy-1.14.19.jar;C:\Users\david\.m2\repository\org\glassfish\jaxb\jaxb-runtime\4.0.5\jaxb-runtime-4.0.5.jar;C:\Users\david\.m2\repository\org\glassfish\jaxb\jaxb-core\4.0.5\jaxb-core-4.0.5.jar;C:\Users\david\.m2\repository\org\eclipse\angus\angus-activation\2.0.2\angus-activation-2.0.2.jar;C:\Users\david\.m2\repository\org\glassfish\jaxb\txw2\4.0.5\txw2-4.0.5.jar;C:\Users\david\.m2\repository\com\sun\istack\istack-commons-runtime\4.1.2\istack-commons-runtime-4.1.2.jar;C:\Users\david\.m2\repository\jakarta\inject\jakarta.inject-api\2.0.1\jakarta.inject-api-2.0.1.jar;C:\Users\david\.m2\repository\org\antlr\antlr4-runtime\4.13.0\antlr4-runtime-4.13.0.jar;C:\Users\david\.m2\repository\org\springframework\data\spring-data-jpa\3.3.5\spring-data-jpa-3.3.5.jar;C:\Users\david\.m2\repository\org\springframework\data\spring-data-commons\3.3.5\spring-data-commons-3.3.5.jar;C:\Users\david\.m2\repository\org\springframework\spring-orm\6.1.14\spring-orm-6.1.14.jar;C:\Users\david\.m2\repository\org\springframework\spring-tx\6.1.14\spring-tx-6.1.14.jar;C:\Users\david\.m2\repository\org\slf4j\slf4j-api\2.0.16\slf4j-api-2.0.16.jar;C:\Users\david\.m2\repository\org\springframework\spring-aspects\6.1.14\spring-aspects-6.1.14.jar;C:\Users\david\.m2\repository\org\aspectj\aspectjweaver\1.9.22.1\aspectjweaver-1.9.22.1.jar;C:\Users\david\.m2\repository\org\springframework\boot\spring-boot-starter-test\3.3.5\spring-boot-starter-test-3.3.5.jar;C:\Users\david\.m2\repository\org\springframework\boot\spring-boot-test\3.3.5\spring-boot-test-3.3.5.jar;C:\Users\david\.m2\repository\org\springframework\boot\spring-boot-test-autoconfigure\3.3.5\spring-boot-test-autoconfigure-3.3.5.jar;C:\Users\david\.m2\repository\com\jayway\jsonpath\json-path\2.9.0\json-path-2.9.0.jar;C:\Users\david\.m2\repository\jakarta\xml\bind\jakarta.xml.bind-api\4.0.2\jakarta.xml.bind-api-4.0.2.jar;C:\Users\david\.m2\repository\jakarta\activation\jakarta.activation-api\2.1.3\jakarta.activation-api-2.1.3.jar;C:\Users\david\.m2\repository\net\minidev\json-smart\2.5.1\json-smart-2.5.1.jar;C:\Users\david\.m2\repository\net\minidev\accessors-smart\2.5.1\accessors-smart-2.5.1.jar;C:\Users\david\.m2\repository\org\ow2\asm\asm\9.6\asm-9.6.jar;C:\Users\david\.m2\repository\org\assertj\assertj-core\3.25.3\assertj-core-3.25.3.jar;C:\Users\david\.m2\repository\org\awaitility\awaitility\4.2.2\awaitility-4.2.2.jar;C:\Users\david\.m2\repository\org\hamcrest\hamcrest\2.2\hamcrest-2.2.jar;C:\Users\david\.m2\repository\org\junit\jupiter\junit-jupiter\5.10.5\junit-jupiter-5.10.5.jar;C:\Users\david\.m2\repository\org\junit\jupiter\junit-jupiter-api\5.10.5\junit-jupiter-api-5.10.5.jar;C:\Users\david\.m2\repository\org\opentest4j\opentest4j\1.3.0\opentest4j-1.3.0.jar;C:\Users\david\.m2\repository\org\junit\platform\junit-platform-commons\1.10.5\junit-platform-commons-1.10.5.jar;C:\Users\david\.m2\repository\org\apiguardian\apiguardian-api\1.1.2\apiguardian-api-1.1.2.jar;C:\Users\david\.m2\repository\org\junit\jupiter\junit-jupiter-params\5.10.5\junit-jupiter-params-5.10.5.jar;C:\Users\david\.m2\repository\org\junit\jupiter\junit-jupiter-engine\5.10.5\junit-jupiter-engine-5.10.5.jar;C:\Users\david\.m2\repository\org\junit\platform\junit-platform-engine\1.10.5\junit-platform-engine-1.10.5.jar;C:\Users\david\.m2\repository\org\mockito\mockito-core\5.11.0\mockito-core-5.11.0.jar;C:\Users\david\.m2\repository\net\bytebuddy\byte-buddy-agent\1.14.19\byte-buddy-agent-1.14.19.jar;C:\Users\david\.m2\repository\org\objenesis\objenesis\3.3\objenesis-3.3.jar;C:\Users\david\.m2\repository\org\mockito\mockito-junit-jupiter\5.11.0\mockito-junit-jupiter-5.11.0.jar;C:\Users\david\.m2\repository\org\skyscreamer\jsonassert\1.5.3\jsonassert-1.5.3.jar;C:\Users\david\.m2\repository\com\vaadin\external\google\android-json\0.0.20131108.vaadin1\android-json-0.0.20131108.vaadin1.jar;C:\Users\david\.m2\repository\org\springframework\spring-core\6.1.14\spring-core-6.1.14.jar;C:\Users\david\.m2\repository\org\springframework\spring-jcl\6.1.14\spring-jcl-6.1.14.jar;C:\Users\david\.m2\repository\org\springframework\spring-test\6.1.14\spring-test-6.1.14.jar;C:\Users\david\.m2\repository\org\xmlunit\xmlunit-core\2.9.1\xmlunit-core-2.9.1.jar;C:\Users\david\.m2\repository\com\fasterxml\jackson\core\jackson-databind\2.17.2\jackson-databind-2.17.2.jar;C:\Users\david\.m2\repository\com\fasterxml\jackson\core\jackson-annotations\2.17.2\jackson-annotations-2.17.2.jar;C:\Users\david\.m2\repository\com\fasterxml\jackson\core\jackson-core\2.17.2\jackson-core-2.17.2.jar;C:\Users\david\.m2\repository\com\h2database\h2\2.2.224\h2-2.2.224.jar;C:\Users\david\.m2\repository\org\springframework\boot\spring-boot-starter-security\3.3.5\spring-boot-starter-security-3.3.5.jar;C:\Users\david\.m2\repository\org\springframework\spring-aop\6.1.14\spring-aop-6.1.14.jar;C:\Users\david\.m2\repository\org\springframework\security\spring-security-config\6.3.4\spring-security-config-6.3.4.jar;C:\Users\david\.m2\repository\org\springframework\security\spring-security-core\6.3.4\spring-security-core-6.3.4.jar;C:\Users\david\.m2\repository\org\springframework\security\spring-security-crypto\6.3.4\spring-security-crypto-6.3.4.jar;C:\Users\david\.m2\repository\org\springframework\security\spring-security-web\6.3.4\spring-security-web-6.3.4.jar;C:\Users\david\.m2\repository\io\jsonwebtoken\jjwt-api\0.11.5\jjwt-api-0.11.5.jar;C:\Users\david\.m2\repository\io\jsonwebtoken\jjwt-impl\0.11.5\jjwt-impl-0.11.5.jar;C:\Users\david\.m2\repository\io\jsonwebtoken\jjwt-jackson\0.11.5\jjwt-jackson-0.11.5.jar;C:\Users\david\.m2\repository\com\google\api-client\google-api-client\2.2.0\google-api-client-2.2.0.jar;C:\Users\david\.m2\repository\commons-codec\commons-codec\1.16.1\commons-codec-1.16.1.jar;C:\Users\david\.m2\repository\com\google\oauth-client\google-oauth-client\1.34.1\google-oauth-client-1.34.1.jar;C:\Users\david\.m2\repository\com\google\http-client\google-http-client-gson\1.42.3\google-http-client-gson-1.42.3.jar;C:\Users\david\.m2\repository\com\google\code\gson\gson\2.10.1\gson-2.10.1.jar;C:\Users\david\.m2\repository\com\google\guava\guava\31.1-jre\guava-31.1-jre.jar;C:\Users\david\.m2\repository\com\google\guava\failureaccess\1.0.1\failureaccess-1.0.1.jar;C:\Users\david\.m2\repository\com\google\guava\listenablefuture\9999.0-empty-to-avoid-conflict-with-guava\listenablefuture-9999.0-empty-to-avoid-conflict-with-guava.jar;C:\Users\david\.m2\repository\com\google\code\findbugs\jsr305\3.0.2\jsr305-3.0.2.jar;C:\Users\david\.m2\repository\com\google\errorprone\error_prone_annotations\2.11.0\error_prone_annotations-2.11.0.jar;C:\Users\david\.m2\repository\com\google\j2objc\j2objc-annotations\1.3\j2objc-annotations-1.3.jar;C:\Users\david\.m2\repository\com\google\http-client\google-http-client-apache-v2\1.42.3\google-http-client-apache-v2-1.42.3.jar;C:\Users\david\.m2\repository\org\apache\httpcomponents\httpcore\4.4.16\httpcore-4.4.16.jar;C:\Users\david\.m2\repository\org\apache\httpcomponents\httpclient\4.5.14\httpclient-4.5.14.jar;C:\Users\david\.m2\repository\commons-logging\commons-logging\1.2\commons-logging-1.2.jar;C:\Users\david\.m2\repository\com\google\http-client\google-http-client\1.42.3\google-http-client-1.42.3.jar;C:\Users\david\.m2\repository\io\opencensus\opencensus-api\0.31.1\opencensus-api-0.31.1.jar;C:\Users\david\.m2\repository\io\grpc\grpc-context\1.27.2\grpc-context-1.27.2.jar;C:\Users\david\.m2\repository\io\opencensus\opencensus-contrib-http-util\0.31.1\opencensus-contrib-http-util-0.31.1.jar;C:\Users\david\.m2\repository\com\google\http-client\google-http-client-jackson2\1.44.1\google-http-client-jackson2-1.44.1.jar;C:\Users\david\.m2\repository\com\nimbusds\nimbus-jose-jwt\9.37\nimbus-jose-jwt-9.37.jar;C:\Users\david\.m2\repository\com\github\stephenc\jcip\jcip-annotations\1.0-1\jcip-annotations-1.0-1.jar;"/>
    <property name="sun.cpu.endian" value="little"/>
    <property name="user.home" value="C:\Users\david"/>
    <property name="user.language" value="en"/>
    <property name="java.specification.vendor" value="Oracle Corporation"/>
    <property name="java.version.date" value="2025-04-15"/>
    <property name="java.home" value="C:\Users\david\.jdks\temurin-21.0.7"/>
    <property name="file.separator" value="\"/>
    <property name="basedir" value="D:\Documents\moonshot-project"/>
    <property name="java.vm.compressedOopsMode" value="Zero based"/>
    <property name="line.separator" value="&#10;"/>
    <property name="java.vm.specification.vendor" value="Oracle Corporation"/>
    <property name="java.specification.name" value="Java Platform API Specification"/>
    <property name="FILE_LOG_CHARSET" value="UTF-8"/>
    <property name="java.awt.headless" value="true"/>
    <property name="surefire.real.class.path" value="C:\Users\david\AppData\Local\Temp\surefire7693352119891621084\surefirebooter-20250729091507623_3.jar"/>
    <property name="user.script" value=""/>
    <property name="sun.management.compiler" value="HotSpot 64-Bit Tiered Compilers"/>
    <property name="java.runtime.version" value="21.0.7+6-LTS"/>
    <property name="user.name" value="david"/>
    <property name="stdout.encoding" value="Cp1252"/>
    <property name="path.separator" value=";"/>
    <property name="os.version" value="10.0"/>
    <property name="java.runtime.name" value="OpenJDK Runtime Environment"/>
    <property name="file.encoding" value="UTF-8"/>
    <property name="java.vm.name" value="OpenJDK 64-Bit Server VM"/>
    <property name="java.vendor.version" value="Temurin-21.0.7+6"/>
    <property name="localRepository" value="C:\Users\david\.m2\repository"/>
    <property name="java.vendor.url.bug" value="https://github.com/adoptium/adoptium-support/issues"/>
    <property name="java.io.tmpdir" value="C:\Users\david\AppData\Local\Temp\"/>
    <property name="catalina.home" value="C:\Users\david\AppData\Local\Temp\tomcat.0.12192848383130738949"/>
    <property name="com.zaxxer.hikari.pool_number" value="1"/>
    <property name="java.version" value="21.0.7"/>
    <property name="user.dir" value="D:\Documents\moonshot-project"/>
    <property name="os.arch" value="amd64"/>
    <property name="java.vm.specification.name" value="Java Virtual Machine Specification"/>
    <property name="PID" value="12740"/>
    <property name="sun.os.patch.level" value=""/>
    <property name="CONSOLE_LOG_CHARSET" value="UTF-8"/>
    <property name="catalina.base" value="C:\Users\david\AppData\Local\Temp\tomcat.0.12192848383130738949"/>
    <property name="native.encoding" value="Cp1252"/>
    <property name="java.library.path" value="C:\Users\david\.jdks\temurin-21.0.7\bin;C:\Windows\Sun\Java\bin;C:\Windows\system32;C:\Windows;C:\Users\david\go\bin;C:\Program Files\Eclipse Adoptium\jdk-17.0.16.8-hotspot\bin;C:\Program Files (x86)\Common Files\Oracle\Java\java8path;C:\Program Files (x86)\Common Files\Oracle\Java\javapath;C:\Python311\Scripts\;C:\Python311\;C:\Windows\system32;C:\Windows;C:\Windows\System32\Wbem;C:\Windows\System32\WindowsPowerShell\v1.0\;C:\Windows\System32\OpenSSH\;C:\Program Files (x86)\NVIDIA Corporation\PhysX\Common;C:\Program Files\dotnet\;C:\Program Files\Git\cmd;C:\msys64\mingw64\bin;C:\Program Files\Go\bin;C:\Program Files\nodejs\;C:\ProgramData\chocolatey\bin;;C:\Program Files\NVIDIA Corporation\NVIDIA app\NvDLISR;C:\Program Files\Docker\Docker\resources\bin;C:\Users\david\AppData\Local\Microsoft\WindowsApps;C:\Users\david\.dotnet\tools;C:\Users\david\AppData\Local\GitHubDesktop\bin;C:\msys64\mingw64\bin;C:\Users\david\go\bin;C:\Users\david\AppData\Roaming\npm;C:\Users\david\AppData\Local\spicetify;%IntelliJ IDEA%;C:\Users\david\AppData\Local\Programs\garyttierney\me3\bin;D:\Games\me3\bin;."/>
    <property name="java.vm.info" value="mixed mode, sharing"/>
    <property name="stderr.encoding" value="Cp1252"/>
    <property name="java.vendor" value="Eclipse Adoptium"/>
    <property name="java.vm.version" value="21.0.7+6-LTS"/>
    <property name="sun.io.unicode.encoding" value="UnicodeLittle"/>
    <property name="java.class.version" value="65.0"/>
  </properties>
  <testcase name="shouldReturnAllFeatures" classname="com.example.moonshot.accessibilityfeature.AccessibilityFeatureServiceTest" time="0.909">
    <system-out><![CDATA[09:15:08.498 [main] INFO org.springframework.test.context.support.AnnotationConfigContextLoaderUtils -- Could not detect default configuration classes for test class [com.example.moonshot.accessibilityfeature.AccessibilityFeatureServiceTest]: AccessibilityFeatureServiceTest does not declare any static, non-private, non-final, nested classes annotated with @Configuration.
09:15:08.629 [main] INFO org.springframework.boot.test.context.SpringBootTestContextBootstrapper -- Found @SpringBootConfiguration com.example.moonshot.MoonshotProjectApplication for test class com.example.moonshot.accessibilityfeature.AccessibilityFeatureServiceTest

  .   ____          _            __ _ _
 /\\ / ___'_ __ _ _(_)_ __  __ _ \ \ \ \
( ( )\___ | '_ | '_| | '_ \/ _` | \ \ \ \
 \\/  ___)| |_)| | | | | || (_| |  ) ) ) )
  '  |____| .__|_| |_|_| |_\__, | / / / /
 =========|_|==============|___/=/_/_/_/

 :: Spring Boot ::                (v3.3.5)

2025-07-29T09:15:09.005+02:00  INFO 12740 --- [           main] c.e.m.a.AccessibilityFeatureServiceTest  : Starting AccessibilityFeatureServiceTest using Java 21.0.7 with PID 12740 (started by david in D:\Documents\moonshot-project)
2025-07-29T09:15:09.006+02:00  INFO 12740 --- [           main] c.e.m.a.AccessibilityFeatureServiceTest  : No active profile set, falling back to 1 default profile: "default"
2025-07-29T09:15:09.640+02:00  INFO 12740 --- [           main] .s.d.r.c.RepositoryConfigurationDelegate : Bootstrapping Spring Data JPA repositories in DEFAULT mode.
2025-07-29T09:15:09.741+02:00  INFO 12740 --- [           main] .s.d.r.c.RepositoryConfigurationDelegate : Finished Spring Data repository scanning in 95 ms. Found 14 JPA repository interfaces.
2025-07-29T09:15:10.284+02:00  INFO 12740 --- [           main] o.s.b.w.embedded.tomcat.TomcatWebServer  : Tomcat initialized with port 0 (http)
2025-07-29T09:15:10.295+02:00  INFO 12740 --- [           main] o.apache.catalina.core.StandardService   : Starting service [Tomcat]
2025-07-29T09:15:10.295+02:00  INFO 12740 --- [           main] o.apache.catalina.core.StandardEngine    : Starting Servlet engine: [Apache Tomcat/10.1.31]
2025-07-29T09:15:10.351+02:00  INFO 12740 --- [           main] o.a.c.c.C.[Tomcat].[localhost].[/]       : Initializing Spring embedded WebApplicationContext
2025-07-29T09:15:10.352+02:00  INFO 12740 --- [           main] w.s.c.ServletWebServerApplicationContext : Root WebApplicationContext: initialization completed in 1334 ms
2025-07-29T09:15:10.507+02:00  INFO 12740 --- [           main] o.hibernate.jpa.internal.util.LogHelper  : HHH000204: Processing PersistenceUnitInfo [name: default]
2025-07-29T09:15:10.564+02:00  INFO 12740 --- [           main] org.hibernate.Version                    : HHH000412: Hibernate ORM core version 6.5.3.Final
2025-07-29T09:15:10.598+02:00  INFO 12740 --- [           main] o.h.c.internal.RegionFactoryInitiator    : HHH000026: Second-level cache disabled
2025-07-29T09:15:10.872+02:00  INFO 12740 --- [           main] o.s.o.j.p.SpringPersistenceUnitInfo      : No LoadTimeWeaver setup: ignoring JPA class transformer
2025-07-29T09:15:10.901+02:00  INFO 12740 --- [           main] com.zaxxer.hikari.HikariDataSource       : HikariPool-1 - Starting...
2025-07-29T09:15:11.053+02:00  INFO 12740 --- [           main] com.zaxxer.hikari.pool.HikariPool        : HikariPool-1 - Added connection conn0: url=jdbc:h2:mem:testdb user=SA
2025-07-29T09:15:11.059+02:00  INFO 12740 --- [           main] com.zaxxer.hikari.HikariDataSource       : HikariPool-1 - Start completed.
2025-07-29T09:15:11.081+02:00  WARN 12740 --- [           main] org.hibernate.orm.deprecation            : HHH90000025: H2Dialect does not need to be specified explicitly using 'hibernate.dialect' (remove the property setting and it will be selected by default)
2025-07-29T09:15:11.936+02:00  INFO 12740 --- [           main] o.h.e.t.j.p.i.JtaPlatformInitiator       : HHH000489: No JTA platform available (set 'hibernate.transaction.jta.platform' to enable JTA platform integration)
2025-07-29T09:15:11.977+02:00 DEBUG 12740 --- [           main] org.hibernate.SQL                        : create table accessibility_features (id uuid not null, created_at timestamp(6) not null, name varchar(255) not null, updated_at timestamp(6), primary key (id))
Hibernate: create table accessibility_features (id uuid not null, created_at timestamp(6) not null, name varchar(255) not null, updated_at timestamp(6), primary key (id))
2025-07-29T09:15:11.983+02:00 DEBUG 12740 --- [           main] org.hibernate.SQL                        : create table countries (id uuid not null, available boolean not null, created_at timestamp(6) not null, name varchar(255) not null, updated_at timestamp(6), primary key (id))
Hibernate: create table countries (id uuid not null, available boolean not null, created_at timestamp(6) not null, name varchar(255) not null, updated_at timestamp(6), primary key (id))
2025-07-29T09:15:11.984+02:00 DEBUG 12740 --- [           main] org.hibernate.SQL                        : create table destinations (id uuid not null, available boolean not null, created_at timestamp(6) not null, name varchar(255) not null, type varchar(255) not null, updated_at timestamp(6), country_id uuid not null, primary key (id))
Hibernate: create table destinations (id uuid not null, available boolean not null, created_at timestamp(6) not null, name varchar(255) not null, type varchar(255) not null, updated_at timestamp(6), country_id uuid not null, primary key (id))
2025-07-29T09:15:11.985+02:00 DEBUG 12740 --- [           main] org.hibernate.SQL                        : create table itineraries (id uuid not null, created_at timestamp(6) not null, description TEXT, duration integer, image_url varchar(255), price numeric(38,2), rating float(24), title varchar(255) not null, updated_at timestamp(6), destination_id uuid not null, primary key (id))
Hibernate: create table itineraries (id uuid not null, created_at timestamp(6) not null, description TEXT, duration integer, image_url varchar(255), price numeric(38,2), rating float(24), title varchar(255) not null, updated_at timestamp(6), destination_id uuid not null, primary key (id))
2025-07-29T09:15:11.986+02:00 DEBUG 12740 --- [           main] org.hibernate.SQL                        : create table itinerary_accessibility (id uuid not null, created_at timestamp(6) not null, updated_at timestamp(6), feature_id uuid not null, itinerary_id uuid not null, primary key (id))
Hibernate: create table itinerary_accessibility (id uuid not null, created_at timestamp(6) not null, updated_at timestamp(6), feature_id uuid not null, itinerary_id uuid not null, primary key (id))
2025-07-29T09:15:11.987+02:00 DEBUG 12740 --- [           main] org.hibernate.SQL                        : create table itinerary_steps (id uuid not null, created_at timestamp(6) not null, description TEXT, latitude numeric(10,6), longitude numeric(10,6), step_index integer not null, title varchar(255) not null, updated_at timestamp(6), itinerary_id uuid not null, primary key (id))
Hibernate: create table itinerary_steps (id uuid not null, created_at timestamp(6) not null, description TEXT, latitude numeric(10,6), longitude numeric(10,6), step_index integer not null, title varchar(255) not null, updated_at timestamp(6), itinerary_id uuid not null, primary key (id))
2025-07-29T09:15:11.988+02:00 DEBUG 12740 --- [           main] org.hibernate.SQL                        : create table reviews (id uuid not null, comment TEXT, created_at timestamp(6) not null, rating float(24), updated_at timestamp(6), itinerary_id uuid not null, user_id uuid not null, primary key (id))
Hibernate: create table reviews (id uuid not null, comment TEXT, created_at timestamp(6) not null, rating float(24), updated_at timestamp(6), itinerary_id uuid not null, user_id uuid not null, primary key (id))
2025-07-29T09:15:11.989+02:00 DEBUG 12740 --- [           main] org.hibernate.SQL                        : create table saved_itineraries (id uuid not null, created_at timestamp(6) not null, saved_at timestamp(6) not null, updated_at timestamp(6), itinerary_id uuid not null, user_id uuid not null, primary key (id))
Hibernate: create table saved_itineraries (id uuid not null, created_at timestamp(6) not null, saved_at timestamp(6) not null, updated_at timestamp(6), itinerary_id uuid not null, user_id uuid not null, primary key (id))
2025-07-29T09:15:11.991+02:00 DEBUG 12740 --- [           main] org.hibernate.SQL                        : create table settings (id uuid not null, created_at timestamp(6) not null, default_value boolean not null, description TEXT, label varchar(255) not null, setting_key varchar(255) not null, updated_at timestamp(6), primary key (id))
Hibernate: create table settings (id uuid not null, created_at timestamp(6) not null, default_value boolean not null, description TEXT, label varchar(255) not null, setting_key varchar(255) not null, updated_at timestamp(6), primary key (id))
2025-07-29T09:15:11.992+02:00 DEBUG 12740 --- [           main] org.hibernate.SQL                        : create table user_accessibility_features (id uuid not null, created_at timestamp(6) not null, updated_at timestamp(6), feature_id uuid not null, user_id uuid not null, primary key (id))
Hibernate: create table user_accessibility_features (id uuid not null, created_at timestamp(6) not null, updated_at timestamp(6), feature_id uuid not null, user_id uuid not null, primary key (id))
2025-07-29T09:15:11.993+02:00 DEBUG 12740 --- [           main] org.hibernate.SQL                        : create table user_country_access (id uuid not null, created_at timestamp(6) not null, updated_at timestamp(6), country_id uuid not null, user_id uuid not null, primary key (id))
Hibernate: create table user_country_access (id uuid not null, created_at timestamp(6) not null, updated_at timestamp(6), country_id uuid not null, user_id uuid not null, primary key (id))
2025-07-29T09:15:11.994+02:00 DEBUG 12740 --- [           main] org.hibernate.SQL                        : create table user_selected_destinations (id uuid not null, created_at timestamp(6) not null, updated_at timestamp(6), destination_id uuid not null, user_id uuid not null, primary key (id))
Hibernate: create table user_selected_destinations (id uuid not null, created_at timestamp(6) not null, updated_at timestamp(6), destination_id uuid not null, user_id uuid not null, primary key (id))
2025-07-29T09:15:11.994+02:00 DEBUG 12740 --- [           main] org.hibernate.SQL                        : create table user_settings (id uuid not null, created_at timestamp(6) not null, updated_at timestamp(6), "value" boolean not null, setting_id uuid not null, user_id uuid not null, primary key (id))
Hibernate: create table user_settings (id uuid not null, created_at timestamp(6) not null, updated_at timestamp(6), "value" boolean not null, setting_id uuid not null, user_id uuid not null, primary key (id))
2025-07-29T09:15:11.995+02:00 DEBUG 12740 --- [           main] org.hibernate.SQL                        : create table users (id uuid not null, created_at timestamp(6) not null, email varchar(255) not null, name varchar(255) not null, nickname varchar(255), oauth_token varchar(255), password_hash varchar(255), phone varchar(255), platform varchar(255) not null, updated_at timestamp(6), primary key (id))
Hibernate: create table users (id uuid not null, created_at timestamp(6) not null, email varchar(255) not null, name varchar(255) not null, nickname varchar(255), oauth_token varchar(255), password_hash varchar(255), phone varchar(255), platform varchar(255) not null, updated_at timestamp(6), primary key (id))
2025-07-29T09:15:11.997+02:00 DEBUG 12740 --- [           main] org.hibernate.SQL                        : alter table if exists accessibility_features drop constraint if exists UKfg546152rstjbjvtar0tep962
Hibernate: alter table if exists accessibility_features drop constraint if exists UKfg546152rstjbjvtar0tep962
2025-07-29T09:15:11.997+02:00 DEBUG 12740 --- [           main] org.hibernate.SQL                        : alter table if exists accessibility_features add constraint UKfg546152rstjbjvtar0tep962 unique (name)
Hibernate: alter table if exists accessibility_features add constraint UKfg546152rstjbjvtar0tep962 unique (name)
2025-07-29T09:15:11.998+02:00 DEBUG 12740 --- [           main] org.hibernate.SQL                        : alter table if exists countries drop constraint if exists UK1pyiwrqimi3hnl3vtgsypj5r
Hibernate: alter table if exists countries drop constraint if exists UK1pyiwrqimi3hnl3vtgsypj5r
2025-07-29T09:15:11.998+02:00 DEBUG 12740 --- [           main] org.hibernate.SQL                        : alter table if exists countries add constraint UK1pyiwrqimi3hnl3vtgsypj5r unique (name)
Hibernate: alter table if exists countries add constraint UK1pyiwrqimi3hnl3vtgsypj5r unique (name)
2025-07-29T09:15:11.999+02:00 DEBUG 12740 --- [           main] org.hibernate.SQL                        : alter table if exists itinerary_accessibility drop constraint if exists UK70806kngg5776rkdt86j1bg7n
Hibernate: alter table if exists itinerary_accessibility drop constraint if exists UK70806kngg5776rkdt86j1bg7n
2025-07-29T09:15:11.999+02:00 DEBUG 12740 --- [           main] org.hibernate.SQL                        : alter table if exists itinerary_accessibility add constraint UK70806kngg5776rkdt86j1bg7n unique (itinerary_id, feature_id)
Hibernate: alter table if exists itinerary_accessibility add constraint UK70806kngg5776rkdt86j1bg7n unique (itinerary_id, feature_id)
2025-07-29T09:15:12.000+02:00 DEBUG 12740 --- [           main] org.hibernate.SQL                        : alter table if exists settings drop constraint if exists UKswd05dvj4ukvw5q135bpbbfae
Hibernate: alter table if exists settings drop constraint if exists UKswd05dvj4ukvw5q135bpbbfae
2025-07-29T09:15:12.000+02:00 DEBUG 12740 --- [           main] org.hibernate.SQL                        : alter table if exists settings add constraint UKswd05dvj4ukvw5q135bpbbfae unique (setting_key)
Hibernate: alter table if exists settings add constraint UKswd05dvj4ukvw5q135bpbbfae unique (setting_key)
2025-07-29T09:15:12.000+02:00 DEBUG 12740 --- [           main] org.hibernate.SQL                        : alter table if exists user_accessibility_features drop constraint if exists UK8l49qwf5nkjd7ltkktvgg144v
Hibernate: alter table if exists user_accessibility_features drop constraint if exists UK8l49qwf5nkjd7ltkktvgg144v
2025-07-29T09:15:12.000+02:00 DEBUG 12740 --- [           main] org.hibernate.SQL                        : alter table if exists user_accessibility_features add constraint UK8l49qwf5nkjd7ltkktvgg144v unique (user_id, feature_id)
Hibernate: alter table if exists user_accessibility_features add constraint UK8l49qwf5nkjd7ltkktvgg144v unique (user_id, feature_id)
2025-07-29T09:15:12.001+02:00 DEBUG 12740 --- [           main] org.hibernate.SQL                        : alter table if exists user_country_access drop constraint if exists UKec46rek6t8y8sn6fjb9aosd2l
Hibernate: alter table if exists user_country_access drop constraint if exists UKec46rek6t8y8sn6fjb9aosd2l
2025-07-29T09:15:12.001+02:00 DEBUG 12740 --- [           main] org.hibernate.SQL                        : alter table if exists user_country_access add constraint UKec46rek6t8y8sn6fjb9aosd2l unique (user_id, country_id)
Hibernate: alter table if exists user_country_access add constraint UKec46rek6t8y8sn6fjb9aosd2l unique (user_id, country_id)
2025-07-29T09:15:12.001+02:00 DEBUG 12740 --- [           main] org.hibernate.SQL                        : alter table if exists user_selected_destinations drop constraint if exists UKr66e34uq8l0046mba93mwk8k4
Hibernate: alter table if exists user_selected_destinations drop constraint if exists UKr66e34uq8l0046mba93mwk8k4
2025-07-29T09:15:12.002+02:00 DEBUG 12740 --- [           main] org.hibernate.SQL                        : alter table if exists user_selected_destinations add constraint UKr66e34uq8l0046mba93mwk8k4 unique (user_id, destination_id)
Hibernate: alter table if exists user_selected_destinations add constraint UKr66e34uq8l0046mba93mwk8k4 unique (user_id, destination_id)
2025-07-29T09:15:12.002+02:00 DEBUG 12740 --- [           main] org.hibernate.SQL                        : alter table if exists user_settings drop constraint if exists UKfhktb05lyw3ujt954esbjn1hp
Hibernate: alter table if exists user_settings drop constraint if exists UKfhktb05lyw3ujt954esbjn1hp
2025-07-29T09:15:12.002+02:00 DEBUG 12740 --- [           main] org.hibernate.SQL                        : alter table if exists user_settings add constraint UKfhktb05lyw3ujt954esbjn1hp unique (user_id, setting_id)
Hibernate: alter table if exists user_settings add constraint UKfhktb05lyw3ujt954esbjn1hp unique (user_id, setting_id)
2025-07-29T09:15:12.003+02:00 DEBUG 12740 --- [           main] org.hibernate.SQL                        : alter table if exists users drop constraint if exists UK6dotkott2kjsp8vw4d0m25fb7
Hibernate: alter table if exists users drop constraint if exists UK6dotkott2kjsp8vw4d0m25fb7
2025-07-29T09:15:12.003+02:00 DEBUG 12740 --- [           main] org.hibernate.SQL                        : alter table if exists users add constraint UK6dotkott2kjsp8vw4d0m25fb7 unique (email)
Hibernate: alter table if exists users add constraint UK6dotkott2kjsp8vw4d0m25fb7 unique (email)
2025-07-29T09:15:12.004+02:00 DEBUG 12740 --- [           main] org.hibernate.SQL                        : alter table if exists destinations add constraint FKekpb47cct7wijcnqpb7fjhxma foreign key (country_id) references countries
Hibernate: alter table if exists destinations add constraint FKekpb47cct7wijcnqpb7fjhxma foreign key (country_id) references countries
2025-07-29T09:15:12.008+02:00 DEBUG 12740 --- [           main] org.hibernate.SQL                        : alter table if exists itineraries add constraint FKjof330tfrq1p882rcqnwovrq0 foreign key (destination_id) references destinations
Hibernate: alter table if exists itineraries add constraint FKjof330tfrq1p882rcqnwovrq0 foreign key (destination_id) references destinations
2025-07-29T09:15:12.010+02:00 DEBUG 12740 --- [           main] org.hibernate.SQL                        : alter table if exists itinerary_accessibility add constraint FK3deakvt10x2lykcpg9vl6joo7 foreign key (feature_id) references accessibility_features
Hibernate: alter table if exists itinerary_accessibility add constraint FK3deakvt10x2lykcpg9vl6joo7 foreign key (feature_id) references accessibility_features
2025-07-29T09:15:12.010+02:00 DEBUG 12740 --- [           main] org.hibernate.SQL                        : alter table if exists itinerary_accessibility add constraint FKsoirt5qt1srhi8mbpa70j07xc foreign key (itinerary_id) references itineraries
Hibernate: alter table if exists itinerary_accessibility add constraint FKsoirt5qt1srhi8mbpa70j07xc foreign key (itinerary_id) references itineraries
2025-07-29T09:15:12.011+02:00 DEBUG 12740 --- [           main] org.hibernate.SQL                        : alter table if exists itinerary_steps add constraint FKffj757wfaug2imwwksinxkb78 foreign key (itinerary_id) references itineraries
Hibernate: alter table if exists itinerary_steps add constraint FKffj757wfaug2imwwksinxkb78 foreign key (itinerary_id) references itineraries
2025-07-29T09:15:12.012+02:00 DEBUG 12740 --- [           main] org.hibernate.SQL                        : alter table if exists reviews add constraint FKm2c0opulxqwsdnbrfi6khm0w6 foreign key (itinerary_id) references itineraries
Hibernate: alter table if exists reviews add constraint FKm2c0opulxqwsdnbrfi6khm0w6 foreign key (itinerary_id) references itineraries
2025-07-29T09:15:12.013+02:00 DEBUG 12740 --- [           main] org.hibernate.SQL                        : alter table if exists reviews add constraint FKcgy7qjc1r99dp117y9en6lxye foreign key (user_id) references users
Hibernate: alter table if exists reviews add constraint FKcgy7qjc1r99dp117y9en6lxye foreign key (user_id) references users
2025-07-29T09:15:12.014+02:00 DEBUG 12740 --- [           main] org.hibernate.SQL                        : alter table if exists saved_itineraries add constraint FKf3jr1p2diiwa0qpbi4ob77rf6 foreign key (itinerary_id) references itineraries
Hibernate: alter table if exists saved_itineraries add constraint FKf3jr1p2diiwa0qpbi4ob77rf6 foreign key (itinerary_id) references itineraries
2025-07-29T09:15:12.015+02:00 DEBUG 12740 --- [           main] org.hibernate.SQL                        : alter table if exists saved_itineraries add constraint FK6oej72hl93aqeo7papaaq7kcv foreign key (user_id) references users
Hibernate: alter table if exists saved_itineraries add constraint FK6oej72hl93aqeo7papaaq7kcv foreign key (user_id) references users
2025-07-29T09:15:12.017+02:00 DEBUG 12740 --- [           main] org.hibernate.SQL                        : alter table if exists user_accessibility_features add constraint FK3xv7m2n1umb0k64u7hhlao5p5 foreign key (feature_id) references accessibility_features
Hibernate: alter table if exists user_accessibility_features add constraint FK3xv7m2n1umb0k64u7hhlao5p5 foreign key (feature_id) references accessibility_features
2025-07-29T09:15:12.017+02:00 DEBUG 12740 --- [           main] org.hibernate.SQL                        : alter table if exists user_accessibility_features add constraint FKpcywjy1kjp4md1nxalqv569ea foreign key (user_id) references users
Hibernate: alter table if exists user_accessibility_features add constraint FKpcywjy1kjp4md1nxalqv569ea foreign key (user_id) references users
2025-07-29T09:15:12.018+02:00 DEBUG 12740 --- [           main] org.hibernate.SQL                        : alter table if exists user_country_access add constraint FKb5qgiaidqpuf7ah1rllmdmg16 foreign key (country_id) references countries
Hibernate: alter table if exists user_country_access add constraint FKb5qgiaidqpuf7ah1rllmdmg16 foreign key (country_id) references countries
2025-07-29T09:15:12.019+02:00 DEBUG 12740 --- [           main] org.hibernate.SQL                        : alter table if exists user_country_access add constraint FKj04y69k196w3gtqep1n7v4x7j foreign key (user_id) references users
Hibernate: alter table if exists user_country_access add constraint FKj04y69k196w3gtqep1n7v4x7j foreign key (user_id) references users
2025-07-29T09:15:12.020+02:00 DEBUG 12740 --- [           main] org.hibernate.SQL                        : alter table if exists user_selected_destinations add constraint FK9hwc7a883n6lf49rk6atb6fnc foreign key (destination_id) references destinations
Hibernate: alter table if exists user_selected_destinations add constraint FK9hwc7a883n6lf49rk6atb6fnc foreign key (destination_id) references destinations
2025-07-29T09:15:12.022+02:00 DEBUG 12740 --- [           main] org.hibernate.SQL                        : alter table if exists user_selected_destinations add constraint FK2asph6vi4229cm9v4obfyn0l foreign key (user_id) references users
Hibernate: alter table if exists user_selected_destinations add constraint FK2asph6vi4229cm9v4obfyn0l foreign key (user_id) references users
2025-07-29T09:15:12.023+02:00 DEBUG 12740 --- [           main] org.hibernate.SQL                        : alter table if exists user_settings add constraint FKasfvw4q224wu9ioqpxj5486uf foreign key (setting_id) references settings
Hibernate: alter table if exists user_settings add constraint FKasfvw4q224wu9ioqpxj5486uf foreign key (setting_id) references settings
2025-07-29T09:15:12.024+02:00 DEBUG 12740 --- [           main] org.hibernate.SQL                        : alter table if exists user_settings add constraint FK8v82nj88rmai0nyck19f873dw foreign key (user_id) references users
Hibernate: alter table if exists user_settings add constraint FK8v82nj88rmai0nyck19f873dw foreign key (user_id) references users
2025-07-29T09:15:12.026+02:00  INFO 12740 --- [           main] j.LocalContainerEntityManagerFactoryBean : Initialized JPA EntityManagerFactory for persistence unit 'default'
2025-07-29T09:15:12.238+02:00  INFO 12740 --- [           main] o.s.d.j.r.query.QueryEnhancerFactory     : Hibernate is in classpath; If applicable, HQL parser will be used.
2025-07-29T09:15:13.019+02:00  WARN 12740 --- [           main] JpaBaseConfiguration$JpaWebConfiguration : spring.jpa.open-in-view is enabled by default. Therefore, database queries may be performed during view rendering. Explicitly configure spring.jpa.open-in-view to disable this warning
2025-07-29T09:15:13.050+02:00  INFO 12740 --- [           main] r$InitializeUserDetailsManagerConfigurer : Global AuthenticationManager configured with UserDetailsService bean with name userDetailsServiceImpl
2025-07-29T09:15:13.529+02:00  INFO 12740 --- [           main] o.a.c.c.C.[Tomcat].[localhost].[/]       : Initializing Spring TestDispatcherServlet ''
2025-07-29T09:15:13.529+02:00  INFO 12740 --- [           main] o.s.t.web.servlet.TestDispatcherServlet  : Initializing Servlet ''
2025-07-29T09:15:13.530+02:00  INFO 12740 --- [           main] o.s.t.web.servlet.TestDispatcherServlet  : Completed initialization in 1 ms
2025-07-29T09:15:13.575+02:00  INFO 12740 --- [           main] o.s.b.w.embedded.tomcat.TomcatWebServer  : Tomcat started on port 64126 (http) with context path '/'
2025-07-29T09:15:13.582+02:00  INFO 12740 --- [           main] c.e.m.a.AccessibilityFeatureServiceTest  : Started AccessibilityFeatureServiceTest in 4.838 seconds (process running for 5.837)
Cleaning test data...
2025-07-29T09:15:14.047+02:00 DEBUG 12740 --- [           main] org.hibernate.SQL                        : select ia1_0.id,ia1_0.created_at,ia1_0.feature_id,ia1_0.itinerary_id,ia1_0.updated_at from itinerary_accessibility ia1_0
Hibernate: select ia1_0.id,ia1_0.created_at,ia1_0.feature_id,ia1_0.itinerary_id,ia1_0.updated_at from itinerary_accessibility ia1_0
2025-07-29T09:15:14.054+02:00 DEBUG 12740 --- [           main] org.hibernate.SQL                        : select r1_0.id,r1_0.comment,r1_0.created_at,r1_0.itinerary_id,r1_0.rating,r1_0.updated_at,r1_0.user_id from reviews r1_0
Hibernate: select r1_0.id,r1_0.comment,r1_0.created_at,r1_0.itinerary_id,r1_0.rating,r1_0.updated_at,r1_0.user_id from reviews r1_0
2025-07-29T09:15:14.055+02:00 DEBUG 12740 --- [           main] org.hibernate.SQL                        : select si1_0.id,si1_0.created_at,si1_0.itinerary_id,si1_0.saved_at,si1_0.updated_at,si1_0.user_id from saved_itineraries si1_0
Hibernate: select si1_0.id,si1_0.created_at,si1_0.itinerary_id,si1_0.saved_at,si1_0.updated_at,si1_0.user_id from saved_itineraries si1_0
2025-07-29T09:15:14.057+02:00 DEBUG 12740 --- [           main] org.hibernate.SQL                        : select is1_0.id,is1_0.created_at,is1_0.description,is1_0.itinerary_id,is1_0.latitude,is1_0.longitude,is1_0.step_index,is1_0.title,is1_0.updated_at from itinerary_steps is1_0
Hibernate: select is1_0.id,is1_0.created_at,is1_0.description,is1_0.itinerary_id,is1_0.latitude,is1_0.longitude,is1_0.step_index,is1_0.title,is1_0.updated_at from itinerary_steps is1_0
2025-07-29T09:15:14.058+02:00 DEBUG 12740 --- [           main] org.hibernate.SQL                        : select us1_0.id,us1_0.created_at,us1_0.setting_id,us1_0.updated_at,us1_0.user_id,us1_0."value" from user_settings us1_0
Hibernate: select us1_0.id,us1_0.created_at,us1_0.setting_id,us1_0.updated_at,us1_0.user_id,us1_0."value" from user_settings us1_0
2025-07-29T09:15:14.059+02:00 DEBUG 12740 --- [           main] org.hibernate.SQL                        : select uaf1_0.id,uaf1_0.created_at,uaf1_0.feature_id,uaf1_0.updated_at,uaf1_0.user_id from user_accessibility_features uaf1_0
Hibernate: select uaf1_0.id,uaf1_0.created_at,uaf1_0.feature_id,uaf1_0.updated_at,uaf1_0.user_id from user_accessibility_features uaf1_0
2025-07-29T09:15:14.062+02:00 DEBUG 12740 --- [           main] org.hibernate.SQL                        : select uca1_0.id,uca1_0.country_id,uca1_0.created_at,uca1_0.updated_at,uca1_0.user_id from user_country_access uca1_0
Hibernate: select uca1_0.id,uca1_0.country_id,uca1_0.created_at,uca1_0.updated_at,uca1_0.user_id from user_country_access uca1_0
2025-07-29T09:15:14.064+02:00 DEBUG 12740 --- [           main] org.hibernate.SQL                        : select usd1_0.id,usd1_0.created_at,usd1_0.destination_id,usd1_0.updated_at,usd1_0.user_id from user_selected_destinations usd1_0
Hibernate: select usd1_0.id,usd1_0.created_at,usd1_0.destination_id,usd1_0.updated_at,usd1_0.user_id from user_selected_destinations usd1_0
2025-07-29T09:15:14.066+02:00 DEBUG 12740 --- [           main] org.hibernate.SQL                        : select i1_0.id,i1_0.created_at,i1_0.description,i1_0.destination_id,i1_0.duration,i1_0.image_url,i1_0.price,i1_0.rating,i1_0.title,i1_0.updated_at from itineraries i1_0
Hibernate: select i1_0.id,i1_0.created_at,i1_0.description,i1_0.destination_id,i1_0.duration,i1_0.image_url,i1_0.price,i1_0.rating,i1_0.title,i1_0.updated_at from itineraries i1_0
2025-07-29T09:15:14.067+02:00 DEBUG 12740 --- [           main] org.hibernate.SQL                        : select af1_0.id,af1_0.created_at,af1_0.name,af1_0.updated_at from accessibility_features af1_0
Hibernate: select af1_0.id,af1_0.created_at,af1_0.name,af1_0.updated_at from accessibility_features af1_0
2025-07-29T09:15:14.068+02:00 DEBUG 12740 --- [           main] org.hibernate.SQL                        : select d1_0.id,d1_0.available,d1_0.country_id,d1_0.created_at,d1_0.name,d1_0.type,d1_0.updated_at from destinations d1_0
Hibernate: select d1_0.id,d1_0.available,d1_0.country_id,d1_0.created_at,d1_0.name,d1_0.type,d1_0.updated_at from destinations d1_0
2025-07-29T09:15:14.070+02:00 DEBUG 12740 --- [           main] org.hibernate.SQL                        : select s1_0.id,s1_0.created_at,s1_0.default_value,s1_0.description,s1_0.label,s1_0.setting_key,s1_0.updated_at from settings s1_0
Hibernate: select s1_0.id,s1_0.created_at,s1_0.default_value,s1_0.description,s1_0.label,s1_0.setting_key,s1_0.updated_at from settings s1_0
2025-07-29T09:15:14.071+02:00 DEBUG 12740 --- [           main] org.hibernate.SQL                        : select c1_0.id,c1_0.available,c1_0.created_at,c1_0.name,c1_0.updated_at from countries c1_0
Hibernate: select c1_0.id,c1_0.available,c1_0.created_at,c1_0.name,c1_0.updated_at from countries c1_0
2025-07-29T09:15:14.072+02:00 DEBUG 12740 --- [           main] org.hibernate.SQL                        : select u1_0.id,u1_0.created_at,u1_0.email,u1_0.name,u1_0.nickname,u1_0.oauth_token,u1_0.password_hash,u1_0.phone,u1_0.platform,u1_0.updated_at from users u1_0
Hibernate: select u1_0.id,u1_0.created_at,u1_0.email,u1_0.name,u1_0.nickname,u1_0.oauth_token,u1_0.password_hash,u1_0.phone,u1_0.platform,u1_0.updated_at from users u1_0
Clean complete.
2025-07-29T09:15:14.159+02:00 DEBUG 12740 --- [           main] org.hibernate.SQL                        : insert into users (created_at,email,name,nickname,oauth_token,password_hash,phone,platform,updated_at,id) values (?,?,?,?,?,?,?,?,?,?)
Hibernate: insert into users (created_at,email,name,nickname,oauth_token,password_hash,phone,platform,updated_at,id) values (?,?,?,?,?,?,?,?,?,?)
2025-07-29T09:15:14.302+02:00 DEBUG 12740 --- [           main] org.hibernate.SQL                        : select u1_0.id,u1_0.created_at,u1_0.email,u1_0.name,u1_0.nickname,u1_0.oauth_token,u1_0.password_hash,u1_0.phone,u1_0.platform,u1_0.updated_at from users u1_0 where u1_0.email=?
Hibernate: select u1_0.id,u1_0.created_at,u1_0.email,u1_0.name,u1_0.nickname,u1_0.oauth_token,u1_0.password_hash,u1_0.phone,u1_0.platform,u1_0.updated_at from users u1_0 where u1_0.email=?
2025-07-29T09:15:14.439+02:00 DEBUG 12740 --- [           main] org.hibernate.SQL                        : select u1_0.id,u1_0.created_at,u1_0.email,u1_0.name,u1_0.nickname,u1_0.oauth_token,u1_0.password_hash,u1_0.phone,u1_0.platform,u1_0.updated_at from users u1_0 where u1_0.email=?
Hibernate: select u1_0.id,u1_0.created_at,u1_0.email,u1_0.name,u1_0.nickname,u1_0.oauth_token,u1_0.password_hash,u1_0.phone,u1_0.platform,u1_0.updated_at from users u1_0 where u1_0.email=?
2025-07-29T09:15:14.450+02:00 DEBUG 12740 --- [           main] org.hibernate.SQL                        : insert into accessibility_features (created_at,name,updated_at,id) values (?,?,?,?)
Hibernate: insert into accessibility_features (created_at,name,updated_at,id) values (?,?,?,?)
2025-07-29T09:15:14.458+02:00 DEBUG 12740 --- [           main] org.hibernate.SQL                        : select u1_0.id,u1_0.created_at,u1_0.email,u1_0.name,u1_0.nickname,u1_0.oauth_token,u1_0.password_hash,u1_0.phone,u1_0.platform,u1_0.updated_at from users u1_0 where u1_0.email=?
Hibernate: select u1_0.id,u1_0.created_at,u1_0.email,u1_0.name,u1_0.nickname,u1_0.oauth_token,u1_0.password_hash,u1_0.phone,u1_0.platform,u1_0.updated_at from users u1_0 where u1_0.email=?
2025-07-29T09:15:14.463+02:00 DEBUG 12740 --- [           main] org.hibernate.SQL                        : select af1_0.id,af1_0.created_at,af1_0.name,af1_0.updated_at from accessibility_features af1_0
Hibernate: select af1_0.id,af1_0.created_at,af1_0.name,af1_0.updated_at from accessibility_features af1_0
]]></system-out>
    <system-err><![CDATA[WARNING: A Java agent has been loaded dynamically (C:\Users\david\.m2\repository\net\bytebuddy\byte-buddy-agent\1.14.19\byte-buddy-agent-1.14.19.jar)
WARNING: If a serviceability tool is in use, please run with -XX:+EnableDynamicAgentLoading to hide this warning
WARNING: If a serviceability tool is not in use, please run with -Djdk.instrument.traceUsage for more information
WARNING: Dynamic loading of agents will be disallowed by default in a future release
]]></system-err>
  </testcase>
  <testcase name="shouldCreateFeatureAndFetchItById" classname="com.example.moonshot.accessibilityfeature.AccessibilityFeatureServiceTest" time="0.18">
    <system-out><![CDATA[Cleaning test data...
2025-07-29T09:15:14.502+02:00 DEBUG 12740 --- [           main] org.hibernate.SQL                        : select ia1_0.id,ia1_0.created_at,ia1_0.feature_id,ia1_0.itinerary_id,ia1_0.updated_at from itinerary_accessibility ia1_0
Hibernate: select ia1_0.id,ia1_0.created_at,ia1_0.feature_id,ia1_0.itinerary_id,ia1_0.updated_at from itinerary_accessibility ia1_0
2025-07-29T09:15:14.504+02:00 DEBUG 12740 --- [           main] org.hibernate.SQL                        : select r1_0.id,r1_0.comment,r1_0.created_at,r1_0.itinerary_id,r1_0.rating,r1_0.updated_at,r1_0.user_id from reviews r1_0
Hibernate: select r1_0.id,r1_0.comment,r1_0.created_at,r1_0.itinerary_id,r1_0.rating,r1_0.updated_at,r1_0.user_id from reviews r1_0
2025-07-29T09:15:14.506+02:00 DEBUG 12740 --- [           main] org.hibernate.SQL                        : select si1_0.id,si1_0.created_at,si1_0.itinerary_id,si1_0.saved_at,si1_0.updated_at,si1_0.user_id from saved_itineraries si1_0
Hibernate: select si1_0.id,si1_0.created_at,si1_0.itinerary_id,si1_0.saved_at,si1_0.updated_at,si1_0.user_id from saved_itineraries si1_0
2025-07-29T09:15:14.507+02:00 DEBUG 12740 --- [           main] org.hibernate.SQL                        : select is1_0.id,is1_0.created_at,is1_0.description,is1_0.itinerary_id,is1_0.latitude,is1_0.longitude,is1_0.step_index,is1_0.title,is1_0.updated_at from itinerary_steps is1_0
Hibernate: select is1_0.id,is1_0.created_at,is1_0.description,is1_0.itinerary_id,is1_0.latitude,is1_0.longitude,is1_0.step_index,is1_0.title,is1_0.updated_at from itinerary_steps is1_0
2025-07-29T09:15:14.509+02:00 DEBUG 12740 --- [           main] org.hibernate.SQL                        : select us1_0.id,us1_0.created_at,us1_0.setting_id,us1_0.updated_at,us1_0.user_id,us1_0."value" from user_settings us1_0
Hibernate: select us1_0.id,us1_0.created_at,us1_0.setting_id,us1_0.updated_at,us1_0.user_id,us1_0."value" from user_settings us1_0
2025-07-29T09:15:14.510+02:00 DEBUG 12740 --- [           main] org.hibernate.SQL                        : select uaf1_0.id,uaf1_0.created_at,uaf1_0.feature_id,uaf1_0.updated_at,uaf1_0.user_id from user_accessibility_features uaf1_0
Hibernate: select uaf1_0.id,uaf1_0.created_at,uaf1_0.feature_id,uaf1_0.updated_at,uaf1_0.user_id from user_accessibility_features uaf1_0
2025-07-29T09:15:14.511+02:00 DEBUG 12740 --- [           main] org.hibernate.SQL                        : select uca1_0.id,uca1_0.country_id,uca1_0.created_at,uca1_0.updated_at,uca1_0.user_id from user_country_access uca1_0
Hibernate: select uca1_0.id,uca1_0.country_id,uca1_0.created_at,uca1_0.updated_at,uca1_0.user_id from user_country_access uca1_0
2025-07-29T09:15:14.513+02:00 DEBUG 12740 --- [           main] org.hibernate.SQL                        : select usd1_0.id,usd1_0.created_at,usd1_0.destination_id,usd1_0.updated_at,usd1_0.user_id from user_selected_destinations usd1_0
Hibernate: select usd1_0.id,usd1_0.created_at,usd1_0.destination_id,usd1_0.updated_at,usd1_0.user_id from user_selected_destinations usd1_0
2025-07-29T09:15:14.515+02:00 DEBUG 12740 --- [           main] org.hibernate.SQL                        : select i1_0.id,i1_0.created_at,i1_0.description,i1_0.destination_id,i1_0.duration,i1_0.image_url,i1_0.price,i1_0.rating,i1_0.title,i1_0.updated_at from itineraries i1_0
Hibernate: select i1_0.id,i1_0.created_at,i1_0.description,i1_0.destination_id,i1_0.duration,i1_0.image_url,i1_0.price,i1_0.rating,i1_0.title,i1_0.updated_at from itineraries i1_0
2025-07-29T09:15:14.516+02:00 DEBUG 12740 --- [           main] org.hibernate.SQL                        : select af1_0.id,af1_0.created_at,af1_0.name,af1_0.updated_at from accessibility_features af1_0
Hibernate: select af1_0.id,af1_0.created_at,af1_0.name,af1_0.updated_at from accessibility_features af1_0
2025-07-29T09:15:14.521+02:00 DEBUG 12740 --- [           main] org.hibernate.SQL                        : delete from accessibility_features where id=?
Hibernate: delete from accessibility_features where id=?
2025-07-29T09:15:14.524+02:00 DEBUG 12740 --- [           main] org.hibernate.SQL                        : select d1_0.id,d1_0.available,d1_0.country_id,d1_0.created_at,d1_0.name,d1_0.type,d1_0.updated_at from destinations d1_0
Hibernate: select d1_0.id,d1_0.available,d1_0.country_id,d1_0.created_at,d1_0.name,d1_0.type,d1_0.updated_at from destinations d1_0
2025-07-29T09:15:14.525+02:00 DEBUG 12740 --- [           main] org.hibernate.SQL                        : select s1_0.id,s1_0.created_at,s1_0.default_value,s1_0.description,s1_0.label,s1_0.setting_key,s1_0.updated_at from settings s1_0
Hibernate: select s1_0.id,s1_0.created_at,s1_0.default_value,s1_0.description,s1_0.label,s1_0.setting_key,s1_0.updated_at from settings s1_0
2025-07-29T09:15:14.527+02:00 DEBUG 12740 --- [           main] org.hibernate.SQL                        : select c1_0.id,c1_0.available,c1_0.created_at,c1_0.name,c1_0.updated_at from countries c1_0
Hibernate: select c1_0.id,c1_0.available,c1_0.created_at,c1_0.name,c1_0.updated_at from countries c1_0
2025-07-29T09:15:14.529+02:00 DEBUG 12740 --- [           main] org.hibernate.SQL                        : select u1_0.id,u1_0.created_at,u1_0.email,u1_0.name,u1_0.nickname,u1_0.oauth_token,u1_0.password_hash,u1_0.phone,u1_0.platform,u1_0.updated_at from users u1_0
Hibernate: select u1_0.id,u1_0.created_at,u1_0.email,u1_0.name,u1_0.nickname,u1_0.oauth_token,u1_0.password_hash,u1_0.phone,u1_0.platform,u1_0.updated_at from users u1_0
2025-07-29T09:15:14.530+02:00 DEBUG 12740 --- [           main] org.hibernate.SQL                        : delete from users where id=?
Hibernate: delete from users where id=?
Clean complete.
2025-07-29T09:15:14.587+02:00 DEBUG 12740 --- [           main] org.hibernate.SQL                        : insert into users (created_at,email,name,nickname,oauth_token,password_hash,phone,platform,updated_at,id) values (?,?,?,?,?,?,?,?,?,?)
Hibernate: insert into users (created_at,email,name,nickname,oauth_token,password_hash,phone,platform,updated_at,id) values (?,?,?,?,?,?,?,?,?,?)
2025-07-29T09:15:14.589+02:00 DEBUG 12740 --- [           main] org.hibernate.SQL                        : select u1_0.id,u1_0.created_at,u1_0.email,u1_0.name,u1_0.nickname,u1_0.oauth_token,u1_0.password_hash,u1_0.phone,u1_0.platform,u1_0.updated_at from users u1_0 where u1_0.email=?
Hibernate: select u1_0.id,u1_0.created_at,u1_0.email,u1_0.name,u1_0.nickname,u1_0.oauth_token,u1_0.password_hash,u1_0.phone,u1_0.platform,u1_0.updated_at from users u1_0 where u1_0.email=?
2025-07-29T09:15:14.653+02:00 DEBUG 12740 --- [           main] org.hibernate.SQL                        : select u1_0.id,u1_0.created_at,u1_0.email,u1_0.name,u1_0.nickname,u1_0.oauth_token,u1_0.password_hash,u1_0.phone,u1_0.platform,u1_0.updated_at from users u1_0 where u1_0.email=?
Hibernate: select u1_0.id,u1_0.created_at,u1_0.email,u1_0.name,u1_0.nickname,u1_0.oauth_token,u1_0.password_hash,u1_0.phone,u1_0.platform,u1_0.updated_at from users u1_0 where u1_0.email=?
2025-07-29T09:15:14.657+02:00 DEBUG 12740 --- [           main] org.hibernate.SQL                        : insert into accessibility_features (created_at,name,updated_at,id) values (?,?,?,?)
Hibernate: insert into accessibility_features (created_at,name,updated_at,id) values (?,?,?,?)
2025-07-29T09:15:14.668+02:00 DEBUG 12740 --- [           main] org.hibernate.SQL                        : select u1_0.id,u1_0.created_at,u1_0.email,u1_0.name,u1_0.nickname,u1_0.oauth_token,u1_0.password_hash,u1_0.phone,u1_0.platform,u1_0.updated_at from users u1_0 where u1_0.email=?
Hibernate: select u1_0.id,u1_0.created_at,u1_0.email,u1_0.name,u1_0.nickname,u1_0.oauth_token,u1_0.password_hash,u1_0.phone,u1_0.platform,u1_0.updated_at from users u1_0 where u1_0.email=?
2025-07-29T09:15:14.677+02:00 DEBUG 12740 --- [           main] org.hibernate.SQL                        : select af1_0.id,af1_0.created_at,af1_0.name,af1_0.updated_at from accessibility_features af1_0 where af1_0.id=?
Hibernate: select af1_0.id,af1_0.created_at,af1_0.name,af1_0.updated_at from accessibility_features af1_0 where af1_0.id=?
]]></system-out>
  </testcase>
  <testcase name="shouldDeleteFeature" classname="com.example.moonshot.accessibilityfeature.AccessibilityFeatureServiceTest" time="0.156">
    <system-out><![CDATA[Cleaning test data...
2025-07-29T09:15:14.683+02:00 DEBUG 12740 --- [           main] org.hibernate.SQL                        : select ia1_0.id,ia1_0.created_at,ia1_0.feature_id,ia1_0.itinerary_id,ia1_0.updated_at from itinerary_accessibility ia1_0
Hibernate: select ia1_0.id,ia1_0.created_at,ia1_0.feature_id,ia1_0.itinerary_id,ia1_0.updated_at from itinerary_accessibility ia1_0
2025-07-29T09:15:14.685+02:00 DEBUG 12740 --- [           main] org.hibernate.SQL                        : select r1_0.id,r1_0.comment,r1_0.created_at,r1_0.itinerary_id,r1_0.rating,r1_0.updated_at,r1_0.user_id from reviews r1_0
Hibernate: select r1_0.id,r1_0.comment,r1_0.created_at,r1_0.itinerary_id,r1_0.rating,r1_0.updated_at,r1_0.user_id from reviews r1_0
2025-07-29T09:15:14.686+02:00 DEBUG 12740 --- [           main] org.hibernate.SQL                        : select si1_0.id,si1_0.created_at,si1_0.itinerary_id,si1_0.saved_at,si1_0.updated_at,si1_0.user_id from saved_itineraries si1_0
Hibernate: select si1_0.id,si1_0.created_at,si1_0.itinerary_id,si1_0.saved_at,si1_0.updated_at,si1_0.user_id from saved_itineraries si1_0
2025-07-29T09:15:14.688+02:00 DEBUG 12740 --- [           main] org.hibernate.SQL                        : select is1_0.id,is1_0.created_at,is1_0.description,is1_0.itinerary_id,is1_0.latitude,is1_0.longitude,is1_0.step_index,is1_0.title,is1_0.updated_at from itinerary_steps is1_0
Hibernate: select is1_0.id,is1_0.created_at,is1_0.description,is1_0.itinerary_id,is1_0.latitude,is1_0.longitude,is1_0.step_index,is1_0.title,is1_0.updated_at from itinerary_steps is1_0
2025-07-29T09:15:14.690+02:00 DEBUG 12740 --- [           main] org.hibernate.SQL                        : select us1_0.id,us1_0.created_at,us1_0.setting_id,us1_0.updated_at,us1_0.user_id,us1_0."value" from user_settings us1_0
Hibernate: select us1_0.id,us1_0.created_at,us1_0.setting_id,us1_0.updated_at,us1_0.user_id,us1_0."value" from user_settings us1_0
2025-07-29T09:15:14.691+02:00 DEBUG 12740 --- [           main] org.hibernate.SQL                        : select uaf1_0.id,uaf1_0.created_at,uaf1_0.feature_id,uaf1_0.updated_at,uaf1_0.user_id from user_accessibility_features uaf1_0
Hibernate: select uaf1_0.id,uaf1_0.created_at,uaf1_0.feature_id,uaf1_0.updated_at,uaf1_0.user_id from user_accessibility_features uaf1_0
2025-07-29T09:15:14.692+02:00 DEBUG 12740 --- [           main] org.hibernate.SQL                        : select uca1_0.id,uca1_0.country_id,uca1_0.created_at,uca1_0.updated_at,uca1_0.user_id from user_country_access uca1_0
Hibernate: select uca1_0.id,uca1_0.country_id,uca1_0.created_at,uca1_0.updated_at,uca1_0.user_id from user_country_access uca1_0
2025-07-29T09:15:14.694+02:00 DEBUG 12740 --- [           main] org.hibernate.SQL                        : select usd1_0.id,usd1_0.created_at,usd1_0.destination_id,usd1_0.updated_at,usd1_0.user_id from user_selected_destinations usd1_0
Hibernate: select usd1_0.id,usd1_0.created_at,usd1_0.destination_id,usd1_0.updated_at,usd1_0.user_id from user_selected_destinations usd1_0
2025-07-29T09:15:14.695+02:00 DEBUG 12740 --- [           main] org.hibernate.SQL                        : select i1_0.id,i1_0.created_at,i1_0.description,i1_0.destination_id,i1_0.duration,i1_0.image_url,i1_0.price,i1_0.rating,i1_0.title,i1_0.updated_at from itineraries i1_0
Hibernate: select i1_0.id,i1_0.created_at,i1_0.description,i1_0.destination_id,i1_0.duration,i1_0.image_url,i1_0.price,i1_0.rating,i1_0.title,i1_0.updated_at from itineraries i1_0
2025-07-29T09:15:14.696+02:00 DEBUG 12740 --- [           main] org.hibernate.SQL                        : select af1_0.id,af1_0.created_at,af1_0.name,af1_0.updated_at from accessibility_features af1_0
Hibernate: select af1_0.id,af1_0.created_at,af1_0.name,af1_0.updated_at from accessibility_features af1_0
2025-07-29T09:15:14.697+02:00 DEBUG 12740 --- [           main] org.hibernate.SQL                        : delete from accessibility_features where id=?
Hibernate: delete from accessibility_features where id=?
2025-07-29T09:15:14.699+02:00 DEBUG 12740 --- [           main] org.hibernate.SQL                        : select d1_0.id,d1_0.available,d1_0.country_id,d1_0.created_at,d1_0.name,d1_0.type,d1_0.updated_at from destinations d1_0
Hibernate: select d1_0.id,d1_0.available,d1_0.country_id,d1_0.created_at,d1_0.name,d1_0.type,d1_0.updated_at from destinations d1_0
2025-07-29T09:15:14.700+02:00 DEBUG 12740 --- [           main] org.hibernate.SQL                        : select s1_0.id,s1_0.created_at,s1_0.default_value,s1_0.description,s1_0.label,s1_0.setting_key,s1_0.updated_at from settings s1_0
Hibernate: select s1_0.id,s1_0.created_at,s1_0.default_value,s1_0.description,s1_0.label,s1_0.setting_key,s1_0.updated_at from settings s1_0
2025-07-29T09:15:14.701+02:00 DEBUG 12740 --- [           main] org.hibernate.SQL                        : select c1_0.id,c1_0.available,c1_0.created_at,c1_0.name,c1_0.updated_at from countries c1_0
Hibernate: select c1_0.id,c1_0.available,c1_0.created_at,c1_0.name,c1_0.updated_at from countries c1_0
2025-07-29T09:15:14.702+02:00 DEBUG 12740 --- [           main] org.hibernate.SQL                        : select u1_0.id,u1_0.created_at,u1_0.email,u1_0.name,u1_0.nickname,u1_0.oauth_token,u1_0.password_hash,u1_0.phone,u1_0.platform,u1_0.updated_at from users u1_0
Hibernate: select u1_0.id,u1_0.created_at,u1_0.email,u1_0.name,u1_0.nickname,u1_0.oauth_token,u1_0.password_hash,u1_0.phone,u1_0.platform,u1_0.updated_at from users u1_0
2025-07-29T09:15:14.703+02:00 DEBUG 12740 --- [           main] org.hibernate.SQL                        : delete from users where id=?
Hibernate: delete from users where id=?
Clean complete.
2025-07-29T09:15:14.759+02:00 DEBUG 12740 --- [           main] org.hibernate.SQL                        : insert into users (created_at,email,name,nickname,oauth_token,password_hash,phone,platform,updated_at,id) values (?,?,?,?,?,?,?,?,?,?)
Hibernate: insert into users (created_at,email,name,nickname,oauth_token,password_hash,phone,platform,updated_at,id) values (?,?,?,?,?,?,?,?,?,?)
2025-07-29T09:15:14.761+02:00 DEBUG 12740 --- [           main] org.hibernate.SQL                        : select u1_0.id,u1_0.created_at,u1_0.email,u1_0.name,u1_0.nickname,u1_0.oauth_token,u1_0.password_hash,u1_0.phone,u1_0.platform,u1_0.updated_at from users u1_0 where u1_0.email=?
Hibernate: select u1_0.id,u1_0.created_at,u1_0.email,u1_0.name,u1_0.nickname,u1_0.oauth_token,u1_0.password_hash,u1_0.phone,u1_0.platform,u1_0.updated_at from users u1_0 where u1_0.email=?
2025-07-29T09:15:14.819+02:00 DEBUG 12740 --- [           main] org.hibernate.SQL                        : insert into accessibility_features (created_at,name,updated_at,id) values (?,?,?,?)
Hibernate: insert into accessibility_features (created_at,name,updated_at,id) values (?,?,?,?)
2025-07-29T09:15:14.822+02:00 DEBUG 12740 --- [           main] org.hibernate.SQL                        : select u1_0.id,u1_0.created_at,u1_0.email,u1_0.name,u1_0.nickname,u1_0.oauth_token,u1_0.password_hash,u1_0.phone,u1_0.platform,u1_0.updated_at from users u1_0 where u1_0.email=?
Hibernate: select u1_0.id,u1_0.created_at,u1_0.email,u1_0.name,u1_0.nickname,u1_0.oauth_token,u1_0.password_hash,u1_0.phone,u1_0.platform,u1_0.updated_at from users u1_0 where u1_0.email=?
2025-07-29T09:15:14.826+02:00 DEBUG 12740 --- [           main] org.hibernate.SQL                        : select af1_0.id,af1_0.created_at,af1_0.name,af1_0.updated_at from accessibility_features af1_0 where af1_0.id=?
Hibernate: select af1_0.id,af1_0.created_at,af1_0.name,af1_0.updated_at from accessibility_features af1_0 where af1_0.id=?
2025-07-29T09:15:14.827+02:00 DEBUG 12740 --- [           main] org.hibernate.SQL                        : delete from accessibility_features where id=?
Hibernate: delete from accessibility_features where id=?
2025-07-29T09:15:14.830+02:00 DEBUG 12740 --- [           main] org.hibernate.SQL                        : select u1_0.id,u1_0.created_at,u1_0.email,u1_0.name,u1_0.nickname,u1_0.oauth_token,u1_0.password_hash,u1_0.phone,u1_0.platform,u1_0.updated_at from users u1_0 where u1_0.email=?
Hibernate: select u1_0.id,u1_0.created_at,u1_0.email,u1_0.name,u1_0.nickname,u1_0.oauth_token,u1_0.password_hash,u1_0.phone,u1_0.platform,u1_0.updated_at from users u1_0 where u1_0.email=?
2025-07-29T09:15:14.833+02:00 DEBUG 12740 --- [           main] org.hibernate.SQL                        : select af1_0.id,af1_0.created_at,af1_0.name,af1_0.updated_at from accessibility_features af1_0 where af1_0.id=?
Hibernate: select af1_0.id,af1_0.created_at,af1_0.name,af1_0.updated_at from accessibility_features af1_0 where af1_0.id=?
]]></system-out>
  </testcase>
</testsuite>